{"/Users/kunalpronto/personal/repos/musicblocks/js/turtle.js": {"path":"/Users/kunalpronto/personal/repos/musicblocks/js/turtle.js","statementMap":{"0":{"start":{"line":55,"column":8},"end":{"line":55,"column":75}},"1":{"start":{"line":57,"column":8},"end":{"line":57,"column":33}},"2":{"start":{"line":58,"column":8},"end":{"line":58,"column":39}},"3":{"start":{"line":59,"column":8},"end":{"line":59,"column":41}},"4":{"start":{"line":61,"column":8},"end":{"line":61,"column":27}},"5":{"start":{"line":62,"column":8},"end":{"line":62,"column":45}},"6":{"start":{"line":65,"column":8},"end":{"line":65,"column":33}},"7":{"start":{"line":67,"column":8},"end":{"line":67,"column":35}},"8":{"start":{"line":69,"column":8},"end":{"line":69,"column":35}},"9":{"start":{"line":70,"column":8},"end":{"line":70,"column":38}},"10":{"start":{"line":77,"column":8},"end":{"line":77,"column":36}},"11":{"start":{"line":87,"column":8},"end":{"line":87,"column":45}},"12":{"start":{"line":99,"column":21},"end":{"line":99,"column":25}},"13":{"start":{"line":100,"column":28},"end":{"line":100,"column":30}},"14":{"start":{"line":101,"column":30},"end":{"line":101,"column":32}},"15":{"start":{"line":103,"column":8},"end":{"line":117,"column":11}},"16":{"start":{"line":105,"column":16},"end":{"line":105,"column":57}},"17":{"start":{"line":106,"column":16},"end":{"line":106,"column":35}},"18":{"start":{"line":109,"column":16},"end":{"line":109,"column":86}},"19":{"start":{"line":128,"column":21},"end":{"line":128,"column":25}},"20":{"start":{"line":129,"column":28},"end":{"line":129,"column":30}},"21":{"start":{"line":130,"column":30},"end":{"line":130,"column":33}},"22":{"start":{"line":132,"column":8},"end":{"line":143,"column":11}},"23":{"start":{"line":133,"column":25},"end":{"line":133,"column":93}},"24":{"start":{"line":135,"column":16},"end":{"line":135,"column":45}},"25":{"start":{"line":136,"column":16},"end":{"line":136,"column":46}},"26":{"start":{"line":153,"column":8},"end":{"line":160,"column":9}},"27":{"start":{"line":154,"column":12},"end":{"line":154,"column":45}},"28":{"start":{"line":155,"column":12},"end":{"line":155,"column":38}},"29":{"start":{"line":157,"column":12},"end":{"line":157,"column":42}},"30":{"start":{"line":158,"column":12},"end":{"line":158,"column":42}},"31":{"start":{"line":159,"column":12},"end":{"line":159,"column":39}},"32":{"start":{"line":170,"column":8},"end":{"line":171,"column":19}},"33":{"start":{"line":171,"column":12},"end":{"line":171,"column":19}},"34":{"start":{"line":173,"column":8},"end":{"line":173,"column":34}},"35":{"start":{"line":176,"column":8},"end":{"line":178,"column":9}},"36":{"start":{"line":177,"column":12},"end":{"line":177,"column":19}},"37":{"start":{"line":180,"column":8},"end":{"line":180,"column":25}},"38":{"start":{"line":181,"column":8},"end":{"line":181,"column":36}},"39":{"start":{"line":183,"column":8},"end":{"line":183,"column":39}},"40":{"start":{"line":184,"column":8},"end":{"line":184,"column":38}},"41":{"start":{"line":185,"column":8},"end":{"line":185,"column":55}},"42":{"start":{"line":186,"column":8},"end":{"line":186,"column":35}},"43":{"start":{"line":187,"column":8},"end":{"line":187,"column":38}},"44":{"start":{"line":188,"column":8},"end":{"line":188,"column":38}},"45":{"start":{"line":198,"column":8},"end":{"line":198,"column":23}},"46":{"start":{"line":199,"column":8},"end":{"line":199,"column":36}},"47":{"start":{"line":200,"column":8},"end":{"line":200,"column":30}},"48":{"start":{"line":202,"column":8},"end":{"line":202,"column":45}},"49":{"start":{"line":204,"column":8},"end":{"line":204,"column":33}},"50":{"start":{"line":206,"column":8},"end":{"line":206,"column":30}},"51":{"start":{"line":207,"column":8},"end":{"line":207,"column":32}},"52":{"start":{"line":208,"column":8},"end":{"line":208,"column":32}},"53":{"start":{"line":209,"column":8},"end":{"line":209,"column":32}},"54":{"start":{"line":211,"column":27},"end":{"line":211,"column":51}},"55":{"start":{"line":212,"column":27},"end":{"line":212,"column":50}},"56":{"start":{"line":213,"column":27},"end":{"line":213,"column":52}},"57":{"start":{"line":214,"column":27},"end":{"line":214,"column":52}},"58":{"start":{"line":216,"column":8},"end":{"line":216,"column":44}},"59":{"start":{"line":217,"column":8},"end":{"line":217,"column":51}},"60":{"start":{"line":218,"column":8},"end":{"line":218,"column":38}},"61":{"start":{"line":219,"column":8},"end":{"line":219,"column":45}},"62":{"start":{"line":220,"column":8},"end":{"line":220,"column":45}},"63":{"start":{"line":222,"column":8},"end":{"line":222,"column":33}},"64":{"start":{"line":223,"column":8},"end":{"line":223,"column":35}},"65":{"start":{"line":224,"column":8},"end":{"line":224,"column":33}},"66":{"start":{"line":225,"column":8},"end":{"line":225,"column":34}},"67":{"start":{"line":226,"column":8},"end":{"line":226,"column":35}},"68":{"start":{"line":227,"column":8},"end":{"line":227,"column":33}},"69":{"start":{"line":228,"column":8},"end":{"line":228,"column":35}},"70":{"start":{"line":229,"column":8},"end":{"line":229,"column":37}},"71":{"start":{"line":230,"column":8},"end":{"line":230,"column":37}},"72":{"start":{"line":231,"column":8},"end":{"line":231,"column":35}},"73":{"start":{"line":232,"column":8},"end":{"line":232,"column":35}},"74":{"start":{"line":233,"column":8},"end":{"line":233,"column":40}},"75":{"start":{"line":234,"column":8},"end":{"line":234,"column":42}},"76":{"start":{"line":235,"column":8},"end":{"line":235,"column":42}},"77":{"start":{"line":236,"column":8},"end":{"line":236,"column":46}},"78":{"start":{"line":237,"column":8},"end":{"line":237,"column":38}},"79":{"start":{"line":238,"column":8},"end":{"line":238,"column":38}},"80":{"start":{"line":239,"column":8},"end":{"line":239,"column":43}},"81":{"start":{"line":240,"column":8},"end":{"line":240,"column":38}},"82":{"start":{"line":241,"column":8},"end":{"line":241,"column":36}},"83":{"start":{"line":242,"column":8},"end":{"line":242,"column":34}},"84":{"start":{"line":243,"column":8},"end":{"line":243,"column":36}},"85":{"start":{"line":244,"column":8},"end":{"line":244,"column":43}},"86":{"start":{"line":245,"column":8},"end":{"line":245,"column":43}},"87":{"start":{"line":246,"column":8},"end":{"line":246,"column":41}},"88":{"start":{"line":247,"column":8},"end":{"line":247,"column":36}},"89":{"start":{"line":249,"column":8},"end":{"line":249,"column":41}},"90":{"start":{"line":250,"column":8},"end":{"line":250,"column":41}},"91":{"start":{"line":251,"column":8},"end":{"line":251,"column":36}},"92":{"start":{"line":253,"column":8},"end":{"line":253,"column":29}},"93":{"start":{"line":254,"column":8},"end":{"line":254,"column":43}},"94":{"start":{"line":255,"column":8},"end":{"line":255,"column":35}},"95":{"start":{"line":256,"column":8},"end":{"line":256,"column":39}},"96":{"start":{"line":257,"column":8},"end":{"line":257,"column":40}},"97":{"start":{"line":258,"column":8},"end":{"line":258,"column":40}},"98":{"start":{"line":259,"column":8},"end":{"line":259,"column":35}},"99":{"start":{"line":260,"column":8},"end":{"line":260,"column":34}},"100":{"start":{"line":261,"column":8},"end":{"line":261,"column":53}},"101":{"start":{"line":262,"column":8},"end":{"line":262,"column":37}},"102":{"start":{"line":263,"column":8},"end":{"line":263,"column":40}},"103":{"start":{"line":264,"column":8},"end":{"line":264,"column":79}},"104":{"start":{"line":265,"column":8},"end":{"line":265,"column":35}},"105":{"start":{"line":266,"column":8},"end":{"line":266,"column":43}},"106":{"start":{"line":267,"column":8},"end":{"line":267,"column":40}},"107":{"start":{"line":268,"column":8},"end":{"line":268,"column":40}},"108":{"start":{"line":269,"column":8},"end":{"line":269,"column":34}},"109":{"start":{"line":270,"column":8},"end":{"line":270,"column":31}},"110":{"start":{"line":271,"column":8},"end":{"line":271,"column":38}},"111":{"start":{"line":272,"column":8},"end":{"line":272,"column":31}},"112":{"start":{"line":273,"column":8},"end":{"line":273,"column":37}},"113":{"start":{"line":274,"column":8},"end":{"line":274,"column":39}},"114":{"start":{"line":275,"column":8},"end":{"line":275,"column":32}},"115":{"start":{"line":276,"column":8},"end":{"line":276,"column":40}},"116":{"start":{"line":277,"column":8},"end":{"line":277,"column":39}},"117":{"start":{"line":278,"column":8},"end":{"line":278,"column":37}},"118":{"start":{"line":279,"column":8},"end":{"line":279,"column":39}},"119":{"start":{"line":280,"column":8},"end":{"line":280,"column":30}},"120":{"start":{"line":281,"column":8},"end":{"line":281,"column":49}},"121":{"start":{"line":282,"column":8},"end":{"line":282,"column":35}},"122":{"start":{"line":283,"column":8},"end":{"line":283,"column":32}},"123":{"start":{"line":284,"column":8},"end":{"line":284,"column":34}},"124":{"start":{"line":286,"column":8},"end":{"line":286,"column":42}},"125":{"start":{"line":287,"column":8},"end":{"line":287,"column":37}},"126":{"start":{"line":288,"column":8},"end":{"line":288,"column":42}},"127":{"start":{"line":289,"column":8},"end":{"line":289,"column":42}},"128":{"start":{"line":290,"column":8},"end":{"line":290,"column":38}},"129":{"start":{"line":291,"column":8},"end":{"line":291,"column":30}},"130":{"start":{"line":292,"column":8},"end":{"line":292,"column":33}},"131":{"start":{"line":293,"column":8},"end":{"line":293,"column":39}},"132":{"start":{"line":294,"column":8},"end":{"line":294,"column":36}},"133":{"start":{"line":295,"column":8},"end":{"line":295,"column":35}},"134":{"start":{"line":296,"column":8},"end":{"line":296,"column":37}},"135":{"start":{"line":297,"column":8},"end":{"line":297,"column":42}},"136":{"start":{"line":298,"column":8},"end":{"line":298,"column":42}},"137":{"start":{"line":299,"column":8},"end":{"line":299,"column":41}},"138":{"start":{"line":300,"column":8},"end":{"line":300,"column":48}},"139":{"start":{"line":302,"column":8},"end":{"line":302,"column":37}},"140":{"start":{"line":303,"column":8},"end":{"line":303,"column":43}},"141":{"start":{"line":304,"column":8},"end":{"line":304,"column":36}},"142":{"start":{"line":305,"column":8},"end":{"line":305,"column":34}},"143":{"start":{"line":306,"column":8},"end":{"line":306,"column":36}},"144":{"start":{"line":307,"column":8},"end":{"line":307,"column":50}},"145":{"start":{"line":308,"column":8},"end":{"line":308,"column":40}},"146":{"start":{"line":309,"column":8},"end":{"line":309,"column":47}},"147":{"start":{"line":311,"column":8},"end":{"line":311,"column":31}},"148":{"start":{"line":312,"column":8},"end":{"line":312,"column":40}},"149":{"start":{"line":313,"column":8},"end":{"line":313,"column":41}},"150":{"start":{"line":314,"column":8},"end":{"line":314,"column":36}},"151":{"start":{"line":315,"column":8},"end":{"line":315,"column":39}},"152":{"start":{"line":317,"column":8},"end":{"line":317,"column":38}},"153":{"start":{"line":318,"column":8},"end":{"line":318,"column":39}},"154":{"start":{"line":319,"column":8},"end":{"line":319,"column":36}},"155":{"start":{"line":320,"column":8},"end":{"line":320,"column":35}},"156":{"start":{"line":321,"column":8},"end":{"line":321,"column":52}},"157":{"start":{"line":323,"column":8},"end":{"line":323,"column":39}},"158":{"start":{"line":325,"column":8},"end":{"line":325,"column":45}},"159":{"start":{"line":334,"column":8},"end":{"line":334,"column":30}},"160":{"start":{"line":343,"column":8},"end":{"line":343,"column":24}},"161":{"start":{"line":350,"column":8},"end":{"line":350,"column":26}},"162":{"start":{"line":357,"column":8},"end":{"line":357,"column":29}},"163":{"start":{"line":364,"column":8},"end":{"line":364,"column":38}},"164":{"start":{"line":371,"column":8},"end":{"line":371,"column":32}},"165":{"start":{"line":378,"column":8},"end":{"line":378,"column":28}},"166":{"start":{"line":385,"column":8},"end":{"line":385,"column":27}},"167":{"start":{"line":392,"column":8},"end":{"line":392,"column":38}},"168":{"start":{"line":399,"column":8},"end":{"line":399,"column":37}},"169":{"start":{"line":406,"column":8},"end":{"line":406,"column":39}},"170":{"start":{"line":413,"column":8},"end":{"line":413,"column":38}},"171":{"start":{"line":420,"column":8},"end":{"line":420,"column":37}},"172":{"start":{"line":427,"column":8},"end":{"line":427,"column":36}},"173":{"start":{"line":434,"column":8},"end":{"line":434,"column":36}},"174":{"start":{"line":441,"column":8},"end":{"line":441,"column":31}},"175":{"start":{"line":448,"column":8},"end":{"line":448,"column":28}},"176":{"start":{"line":455,"column":8},"end":{"line":455,"column":27}},"177":{"start":{"line":462,"column":8},"end":{"line":462,"column":20}},"178":{"start":{"line":469,"column":8},"end":{"line":469,"column":23}},"179":{"start":{"line":476,"column":8},"end":{"line":476,"column":20}},"180":{"start":{"line":483,"column":8},"end":{"line":483,"column":23}},"181":{"start":{"line":490,"column":8},"end":{"line":490,"column":32}},"182":{"start":{"line":497,"column":8},"end":{"line":497,"column":29}},"183":{"start":{"line":504,"column":8},"end":{"line":504,"column":28}},"184":{"start":{"line":511,"column":8},"end":{"line":511,"column":27}},"185":{"start":{"line":520,"column":8},"end":{"line":520,"column":38}},"186":{"start":{"line":528,"column":8},"end":{"line":528,"column":36}},"187":{"start":{"line":535,"column":8},"end":{"line":535,"column":31}},"188":{"start":{"line":542,"column":8},"end":{"line":542,"column":30}},"189":{"start":{"line":549,"column":8},"end":{"line":549,"column":28}},"190":{"start":{"line":556,"column":8},"end":{"line":556,"column":46}},"191":{"start":{"line":563,"column":8},"end":{"line":563,"column":36}},"192":{"start":{"line":570,"column":8},"end":{"line":570,"column":38}},"193":{"start":{"line":577,"column":8},"end":{"line":577,"column":32}},"194":{"start":{"line":584,"column":8},"end":{"line":584,"column":40}},"195":{"start":{"line":591,"column":8},"end":{"line":591,"column":33}},"196":{"start":{"line":598,"column":8},"end":{"line":598,"column":40}},"197":{"start":{"line":605,"column":8},"end":{"line":605,"column":33}},"198":{"start":{"line":612,"column":8},"end":{"line":612,"column":28}},"199":{"start":{"line":619,"column":8},"end":{"line":619,"column":25}},"200":{"start":{"line":630,"column":0},"end":{"line":687,"column":2}},"201":{"start":{"line":638,"column":8},"end":{"line":638,"column":33}},"202":{"start":{"line":639,"column":8},"end":{"line":639,"column":22}},"203":{"start":{"line":640,"column":8},"end":{"line":640,"column":26}},"204":{"start":{"line":641,"column":8},"end":{"line":641,"column":32}},"205":{"start":{"line":643,"column":8},"end":{"line":643,"column":38}},"206":{"start":{"line":644,"column":8},"end":{"line":644,"column":25}},"207":{"start":{"line":645,"column":8},"end":{"line":645,"column":35}},"208":{"start":{"line":646,"column":8},"end":{"line":646,"column":36}},"209":{"start":{"line":647,"column":8},"end":{"line":647,"column":34}},"210":{"start":{"line":649,"column":8},"end":{"line":649,"column":29}},"211":{"start":{"line":651,"column":8},"end":{"line":651,"column":36}},"212":{"start":{"line":654,"column":8},"end":{"line":654,"column":30}},"213":{"start":{"line":657,"column":8},"end":{"line":657,"column":33}},"214":{"start":{"line":658,"column":8},"end":{"line":658,"column":34}},"215":{"start":{"line":660,"column":8},"end":{"line":660,"column":25}},"216":{"start":{"line":662,"column":8},"end":{"line":662,"column":20}},"217":{"start":{"line":663,"column":8},"end":{"line":663,"column":20}},"218":{"start":{"line":665,"column":8},"end":{"line":665,"column":30}},"219":{"start":{"line":666,"column":8},"end":{"line":666,"column":28}},"220":{"start":{"line":675,"column":8},"end":{"line":675,"column":26}},"221":{"start":{"line":677,"column":27},"end":{"line":677,"column":43}},"222":{"start":{"line":680,"column":8},"end":{"line":685,"column":9}},"223":{"start":{"line":681,"column":12},"end":{"line":681,"column":49}},"224":{"start":{"line":682,"column":12},"end":{"line":682,"column":54}},"225":{"start":{"line":683,"column":12},"end":{"line":683,"column":48}},"226":{"start":{"line":684,"column":12},"end":{"line":684,"column":68}},"227":{"start":{"line":699,"column":0},"end":{"line":1052,"column":2}},"228":{"start":{"line":705,"column":8},"end":{"line":705,"column":38}},"229":{"start":{"line":706,"column":8},"end":{"line":706,"column":40}},"230":{"start":{"line":708,"column":8},"end":{"line":708,"column":31}},"231":{"start":{"line":709,"column":8},"end":{"line":709,"column":28}},"232":{"start":{"line":710,"column":8},"end":{"line":710,"column":36}},"233":{"start":{"line":711,"column":8},"end":{"line":711,"column":32}},"234":{"start":{"line":713,"column":8},"end":{"line":713,"column":34}},"235":{"start":{"line":714,"column":8},"end":{"line":714,"column":30}},"236":{"start":{"line":716,"column":8},"end":{"line":716,"column":64}},"237":{"start":{"line":717,"column":8},"end":{"line":717,"column":50}},"238":{"start":{"line":730,"column":8},"end":{"line":732,"column":9}},"239":{"start":{"line":731,"column":12},"end":{"line":731,"column":19}},"240":{"start":{"line":734,"column":28},"end":{"line":734,"column":53}},"241":{"start":{"line":737,"column":8},"end":{"line":751,"column":9}},"242":{"start":{"line":738,"column":12},"end":{"line":738,"column":57}},"243":{"start":{"line":741,"column":24},"end":{"line":741,"column":33}},"244":{"start":{"line":742,"column":12},"end":{"line":742,"column":23}},"245":{"start":{"line":743,"column":12},"end":{"line":743,"column":62}},"246":{"start":{"line":744,"column":12},"end":{"line":744,"column":59}},"247":{"start":{"line":747,"column":12},"end":{"line":747,"column":50}},"248":{"start":{"line":748,"column":12},"end":{"line":748,"column":26}},"249":{"start":{"line":750,"column":12},"end":{"line":750,"column":37}},"250":{"start":{"line":754,"column":8},"end":{"line":787,"column":9}},"251":{"start":{"line":755,"column":12},"end":{"line":786,"column":13}},"252":{"start":{"line":756,"column":35},"end":{"line":756,"column":47}},"253":{"start":{"line":757,"column":30},"end":{"line":765,"column":17}},"254":{"start":{"line":768,"column":16},"end":{"line":780,"column":17}},"255":{"start":{"line":770,"column":20},"end":{"line":770,"column":46}},"256":{"start":{"line":772,"column":20},"end":{"line":776,"column":23}},"257":{"start":{"line":775,"column":36},"end":{"line":775,"column":68}},"258":{"start":{"line":778,"column":20},"end":{"line":778,"column":50}},"259":{"start":{"line":779,"column":20},"end":{"line":779,"column":27}},"260":{"start":{"line":784,"column":16},"end":{"line":784,"column":91}},"261":{"start":{"line":789,"column":22},"end":{"line":789,"column":33}},"262":{"start":{"line":790,"column":8},"end":{"line":803,"column":10}},"263":{"start":{"line":791,"column":27},"end":{"line":791,"column":53}},"264":{"start":{"line":792,"column":12},"end":{"line":792,"column":49}},"265":{"start":{"line":793,"column":12},"end":{"line":793,"column":37}},"266":{"start":{"line":794,"column":12},"end":{"line":794,"column":55}},"267":{"start":{"line":795,"column":12},"end":{"line":795,"column":42}},"268":{"start":{"line":796,"column":12},"end":{"line":796,"column":41}},"269":{"start":{"line":797,"column":12},"end":{"line":797,"column":40}},"270":{"start":{"line":798,"column":12},"end":{"line":798,"column":40}},"271":{"start":{"line":799,"column":12},"end":{"line":799,"column":42}},"272":{"start":{"line":800,"column":12},"end":{"line":800,"column":43}},"273":{"start":{"line":801,"column":12},"end":{"line":801,"column":47}},"274":{"start":{"line":802,"column":12},"end":{"line":802,"column":42}},"275":{"start":{"line":804,"column":8},"end":{"line":804,"column":28}},"276":{"start":{"line":811,"column":8},"end":{"line":813,"column":9}},"277":{"start":{"line":812,"column":12},"end":{"line":812,"column":19}},"278":{"start":{"line":815,"column":28},"end":{"line":815,"column":53}},"279":{"start":{"line":817,"column":8},"end":{"line":832,"column":11}},"280":{"start":{"line":818,"column":12},"end":{"line":831,"column":13}},"281":{"start":{"line":820,"column":16},"end":{"line":825,"column":18}},"282":{"start":{"line":826,"column":19},"end":{"line":831,"column":13}},"283":{"start":{"line":828,"column":16},"end":{"line":828,"column":42}},"284":{"start":{"line":829,"column":16},"end":{"line":829,"column":42}},"285":{"start":{"line":830,"column":16},"end":{"line":830,"column":49}},"286":{"start":{"line":842,"column":8},"end":{"line":844,"column":9}},"287":{"start":{"line":843,"column":12},"end":{"line":843,"column":19}},"288":{"start":{"line":846,"column":26},"end":{"line":846,"column":38}},"289":{"start":{"line":847,"column":22},"end":{"line":847,"column":33}},"290":{"start":{"line":848,"column":8},"end":{"line":848,"column":28}},"291":{"start":{"line":850,"column":8},"end":{"line":902,"column":10}},"292":{"start":{"line":851,"column":12},"end":{"line":851,"column":53}},"293":{"start":{"line":852,"column":12},"end":{"line":852,"column":54}},"294":{"start":{"line":853,"column":12},"end":{"line":853,"column":50}},"295":{"start":{"line":854,"column":12},"end":{"line":854,"column":58}},"296":{"start":{"line":855,"column":12},"end":{"line":855,"column":54}},"297":{"start":{"line":856,"column":12},"end":{"line":856,"column":53}},"298":{"start":{"line":857,"column":12},"end":{"line":857,"column":31}},"299":{"start":{"line":858,"column":12},"end":{"line":858,"column":31}},"300":{"start":{"line":859,"column":12},"end":{"line":859,"column":48}},"301":{"start":{"line":860,"column":12},"end":{"line":860,"column":49}},"302":{"start":{"line":861,"column":12},"end":{"line":861,"column":53}},"303":{"start":{"line":862,"column":12},"end":{"line":862,"column":37}},"304":{"start":{"line":864,"column":12},"end":{"line":864,"column":37}},"305":{"start":{"line":865,"column":27},"end":{"line":865,"column":53}},"306":{"start":{"line":866,"column":12},"end":{"line":866,"column":82}},"307":{"start":{"line":869,"column":28},"end":{"line":869,"column":48}},"308":{"start":{"line":870,"column":12},"end":{"line":870,"column":91}},"309":{"start":{"line":871,"column":12},"end":{"line":871,"column":42}},"310":{"start":{"line":872,"column":12},"end":{"line":872,"column":43}},"311":{"start":{"line":873,"column":12},"end":{"line":873,"column":45}},"312":{"start":{"line":875,"column":31},"end":{"line":875,"column":47}},"313":{"start":{"line":877,"column":12},"end":{"line":899,"column":13}},"314":{"start":{"line":879,"column":16},"end":{"line":881,"column":17}},"315":{"start":{"line":880,"column":20},"end":{"line":880,"column":77}},"316":{"start":{"line":882,"column":16},"end":{"line":882,"column":70}},"317":{"start":{"line":883,"column":16},"end":{"line":883,"column":70}},"318":{"start":{"line":884,"column":16},"end":{"line":884,"column":59}},"319":{"start":{"line":887,"column":16},"end":{"line":887,"column":63}},"320":{"start":{"line":889,"column":30},"end":{"line":889,"column":46}},"321":{"start":{"line":890,"column":16},"end":{"line":890,"column":90}},"322":{"start":{"line":891,"column":16},"end":{"line":891,"column":82}},"323":{"start":{"line":892,"column":16},"end":{"line":893,"column":82}},"324":{"start":{"line":894,"column":16},"end":{"line":895,"column":78}},"325":{"start":{"line":896,"column":16},"end":{"line":897,"column":82}},"326":{"start":{"line":898,"column":16},"end":{"line":898,"column":41}},"327":{"start":{"line":901,"column":12},"end":{"line":901,"column":42}},"328":{"start":{"line":912,"column":8},"end":{"line":912,"column":60}},"329":{"start":{"line":913,"column":8},"end":{"line":913,"column":52}},"330":{"start":{"line":914,"column":8},"end":{"line":917,"column":56}},"331":{"start":{"line":927,"column":8},"end":{"line":929,"column":9}},"332":{"start":{"line":928,"column":12},"end":{"line":928,"column":19}},"333":{"start":{"line":931,"column":25},"end":{"line":931,"column":95}},"334":{"start":{"line":932,"column":25},"end":{"line":932,"column":68}},"335":{"start":{"line":935,"column":26},"end":{"line":935,"column":54}},"336":{"start":{"line":937,"column":23},"end":{"line":937,"column":31}},"337":{"start":{"line":938,"column":8},"end":{"line":943,"column":9}},"338":{"start":{"line":939,"column":32},"end":{"line":939,"column":79}},"339":{"start":{"line":940,"column":32},"end":{"line":940,"column":83}},"340":{"start":{"line":941,"column":30},"end":{"line":941,"column":65}},"341":{"start":{"line":942,"column":12},"end":{"line":942,"column":49}},"342":{"start":{"line":945,"column":25},"end":{"line":966,"column":9}},"343":{"start":{"line":946,"column":12},"end":{"line":946,"column":48}},"344":{"start":{"line":946,"column":35},"end":{"line":946,"column":48}},"345":{"start":{"line":948,"column":26},"end":{"line":948,"column":28}},"346":{"start":{"line":949,"column":29},"end":{"line":949,"column":86}},"347":{"start":{"line":950,"column":30},"end":{"line":950,"column":32}},"348":{"start":{"line":952,"column":12},"end":{"line":961,"column":13}},"349":{"start":{"line":952,"column":25},"end":{"line":952,"column":26}},"350":{"start":{"line":953,"column":33},"end":{"line":953,"column":53}},"351":{"start":{"line":954,"column":16},"end":{"line":954,"column":41}},"352":{"start":{"line":955,"column":16},"end":{"line":960,"column":17}},"353":{"start":{"line":956,"column":20},"end":{"line":956,"column":44}},"354":{"start":{"line":957,"column":20},"end":{"line":957,"column":41}},"355":{"start":{"line":959,"column":20},"end":{"line":959,"column":43}},"356":{"start":{"line":962,"column":12},"end":{"line":964,"column":13}},"357":{"start":{"line":963,"column":16},"end":{"line":963,"column":40}},"358":{"start":{"line":965,"column":12},"end":{"line":965,"column":52}},"359":{"start":{"line":968,"column":29},"end":{"line":968,"column":30}},"360":{"start":{"line":970,"column":8},"end":{"line":1003,"column":9}},"361":{"start":{"line":970,"column":21},"end":{"line":970,"column":22}},"362":{"start":{"line":971,"column":33},"end":{"line":971,"column":64}},"363":{"start":{"line":973,"column":12},"end":{"line":1002,"column":13}},"364":{"start":{"line":973,"column":25},"end":{"line":973,"column":26}},"365":{"start":{"line":974,"column":36},"end":{"line":974,"column":51}},"366":{"start":{"line":975,"column":29},"end":{"line":975,"column":95}},"367":{"start":{"line":976,"column":16},"end":{"line":976,"column":40}},"368":{"start":{"line":977,"column":16},"end":{"line":977,"column":49}},"369":{"start":{"line":978,"column":16},"end":{"line":978,"column":50}},"370":{"start":{"line":979,"column":16},"end":{"line":979,"column":39}},"371":{"start":{"line":980,"column":16},"end":{"line":980,"column":42}},"372":{"start":{"line":981,"column":16},"end":{"line":981,"column":59}},"373":{"start":{"line":982,"column":16},"end":{"line":982,"column":49}},"374":{"start":{"line":983,"column":16},"end":{"line":983,"column":72}},"375":{"start":{"line":985,"column":32},"end":{"line":985,"column":59}},"376":{"start":{"line":986,"column":32},"end":{"line":986,"column":59}},"377":{"start":{"line":987,"column":35},"end":{"line":987,"column":60}},"378":{"start":{"line":988,"column":16},"end":{"line":1001,"column":30}},"379":{"start":{"line":1004,"column":8},"end":{"line":1004,"column":38}},"380":{"start":{"line":1016,"column":20},"end":{"line":1016,"column":31}},"381":{"start":{"line":1018,"column":8},"end":{"line":1048,"column":10}},"382":{"start":{"line":1019,"column":27},"end":{"line":1019,"column":51}},"383":{"start":{"line":1021,"column":12},"end":{"line":1021,"column":34}},"384":{"start":{"line":1022,"column":12},"end":{"line":1022,"column":39}},"385":{"start":{"line":1023,"column":12},"end":{"line":1023,"column":39}},"386":{"start":{"line":1024,"column":12},"end":{"line":1024,"column":44}},"387":{"start":{"line":1025,"column":12},"end":{"line":1025,"column":50}},"388":{"start":{"line":1026,"column":12},"end":{"line":1026,"column":32}},"389":{"start":{"line":1028,"column":31},"end":{"line":1028,"column":47}},"390":{"start":{"line":1030,"column":12},"end":{"line":1045,"column":13}},"391":{"start":{"line":1031,"column":16},"end":{"line":1031,"column":41}},"392":{"start":{"line":1032,"column":16},"end":{"line":1032,"column":62}},"393":{"start":{"line":1033,"column":16},"end":{"line":1033,"column":70}},"394":{"start":{"line":1034,"column":16},"end":{"line":1034,"column":59}},"395":{"start":{"line":1035,"column":30},"end":{"line":1035,"column":46}},"396":{"start":{"line":1036,"column":31},"end":{"line":1036,"column":33}},"397":{"start":{"line":1038,"column":16},"end":{"line":1038,"column":94}},"398":{"start":{"line":1039,"column":16},"end":{"line":1039,"column":82}},"399":{"start":{"line":1040,"column":16},"end":{"line":1043,"column":64}},"400":{"start":{"line":1044,"column":16},"end":{"line":1044,"column":41}},"401":{"start":{"line":1047,"column":12},"end":{"line":1047,"column":37}},"402":{"start":{"line":1050,"column":8},"end":{"line":1050,"column":81}},"403":{"start":{"line":1054,"column":0},"end":{"line":1056,"column":1}},"404":{"start":{"line":1055,"column":4},"end":{"line":1055,"column":27}},"405":{"start":{"line":1058,"column":0},"end":{"line":1060,"column":1}},"406":{"start":{"line":1059,"column":4},"end":{"line":1059,"column":28}}},"fnMap":{"0":{"name":"(anonymous_0)","decl":{"start":{"line":53,"column":4},"end":{"line":53,"column":5}},"loc":{"start":{"line":53,"column":57},"end":{"line":71,"column":5}},"line":53},"1":{"name":"(anonymous_1)","decl":{"start":{"line":76,"column":4},"end":{"line":76,"column":5}},"loc":{"start":{"line":76,"column":15},"end":{"line":78,"column":5}},"line":76},"2":{"name":"(anonymous_2)","decl":{"start":{"line":86,"column":4},"end":{"line":86,"column":5}},"loc":{"start":{"line":86,"column":17},"end":{"line":88,"column":5}},"line":86},"3":{"name":"(anonymous_3)","decl":{"start":{"line":98,"column":4},"end":{"line":98,"column":5}},"loc":{"start":{"line":98,"column":19},"end":{"line":118,"column":5}},"line":98},"4":{"name":"(anonymous_4)","decl":{"start":{"line":104,"column":19},"end":{"line":104,"column":20}},"loc":{"start":{"line":104,"column":25},"end":{"line":107,"column":13}},"line":104},"5":{"name":"(anonymous_5)","decl":{"start":{"line":108,"column":23},"end":{"line":108,"column":24}},"loc":{"start":{"line":108,"column":33},"end":{"line":110,"column":13}},"line":108},"6":{"name":"(anonymous_6)","decl":{"start":{"line":127,"column":4},"end":{"line":127,"column":5}},"loc":{"start":{"line":127,"column":18},"end":{"line":144,"column":5}},"line":127},"7":{"name":"(anonymous_7)","decl":{"start":{"line":133,"column":19},"end":{"line":133,"column":20}},"loc":{"start":{"line":133,"column":25},"end":{"line":133,"column":93}},"line":133},"8":{"name":"(anonymous_8)","decl":{"start":{"line":134,"column":23},"end":{"line":134,"column":24}},"loc":{"start":{"line":134,"column":29},"end":{"line":137,"column":13}},"line":134},"9":{"name":"(anonymous_9)","decl":{"start":{"line":138,"column":21},"end":{"line":138,"column":22}},"loc":{"start":{"line":138,"column":32},"end":{"line":138,"column":34}},"line":138},"10":{"name":"(anonymous_10)","decl":{"start":{"line":151,"column":4},"end":{"line":151,"column":5}},"loc":{"start":{"line":151,"column":16},"end":{"line":161,"column":5}},"line":151},"11":{"name":"(anonymous_11)","decl":{"start":{"line":167,"column":4},"end":{"line":167,"column":5}},"loc":{"start":{"line":167,"column":34},"end":{"line":189,"column":5}},"line":167},"12":{"name":"(anonymous_12)","decl":{"start":{"line":197,"column":4},"end":{"line":197,"column":5}},"loc":{"start":{"line":197,"column":31},"end":{"line":326,"column":5}},"line":197},"13":{"name":"(anonymous_13)","decl":{"start":{"line":333,"column":4},"end":{"line":333,"column":5}},"loc":{"start":{"line":333,"column":19},"end":{"line":335,"column":5}},"line":333},"14":{"name":"(anonymous_14)","decl":{"start":{"line":342,"column":4},"end":{"line":342,"column":5}},"loc":{"start":{"line":342,"column":13},"end":{"line":344,"column":5}},"line":342},"15":{"name":"(anonymous_15)","decl":{"start":{"line":349,"column":4},"end":{"line":349,"column":5}},"loc":{"start":{"line":349,"column":15},"end":{"line":351,"column":5}},"line":349},"16":{"name":"(anonymous_16)","decl":{"start":{"line":356,"column":4},"end":{"line":356,"column":5}},"loc":{"start":{"line":356,"column":18},"end":{"line":358,"column":5}},"line":356},"17":{"name":"(anonymous_17)","decl":{"start":{"line":363,"column":4},"end":{"line":363,"column":5}},"loc":{"start":{"line":363,"column":31},"end":{"line":365,"column":5}},"line":363},"18":{"name":"(anonymous_18)","decl":{"start":{"line":370,"column":4},"end":{"line":370,"column":5}},"loc":{"start":{"line":370,"column":21},"end":{"line":372,"column":5}},"line":370},"19":{"name":"(anonymous_19)","decl":{"start":{"line":377,"column":4},"end":{"line":377,"column":5}},"loc":{"start":{"line":377,"column":21},"end":{"line":379,"column":5}},"line":377},"20":{"name":"(anonymous_20)","decl":{"start":{"line":384,"column":4},"end":{"line":384,"column":5}},"loc":{"start":{"line":384,"column":16},"end":{"line":386,"column":5}},"line":384},"21":{"name":"(anonymous_21)","decl":{"start":{"line":391,"column":4},"end":{"line":391,"column":5}},"loc":{"start":{"line":391,"column":31},"end":{"line":393,"column":5}},"line":391},"22":{"name":"(anonymous_22)","decl":{"start":{"line":398,"column":4},"end":{"line":398,"column":5}},"loc":{"start":{"line":398,"column":26},"end":{"line":400,"column":5}},"line":398},"23":{"name":"(anonymous_23)","decl":{"start":{"line":405,"column":4},"end":{"line":405,"column":5}},"loc":{"start":{"line":405,"column":32},"end":{"line":407,"column":5}},"line":405},"24":{"name":"(anonymous_24)","decl":{"start":{"line":412,"column":4},"end":{"line":412,"column":5}},"loc":{"start":{"line":412,"column":27},"end":{"line":414,"column":5}},"line":412},"25":{"name":"(anonymous_25)","decl":{"start":{"line":419,"column":4},"end":{"line":419,"column":5}},"loc":{"start":{"line":419,"column":30},"end":{"line":421,"column":5}},"line":419},"26":{"name":"(anonymous_26)","decl":{"start":{"line":426,"column":4},"end":{"line":426,"column":5}},"loc":{"start":{"line":426,"column":25},"end":{"line":428,"column":5}},"line":426},"27":{"name":"(anonymous_27)","decl":{"start":{"line":433,"column":4},"end":{"line":433,"column":5}},"loc":{"start":{"line":433,"column":29},"end":{"line":435,"column":5}},"line":433},"28":{"name":"(anonymous_28)","decl":{"start":{"line":440,"column":4},"end":{"line":440,"column":5}},"loc":{"start":{"line":440,"column":20},"end":{"line":442,"column":5}},"line":440},"29":{"name":"(anonymous_29)","decl":{"start":{"line":447,"column":4},"end":{"line":447,"column":5}},"loc":{"start":{"line":447,"column":21},"end":{"line":449,"column":5}},"line":447},"30":{"name":"(anonymous_30)","decl":{"start":{"line":454,"column":4},"end":{"line":454,"column":5}},"loc":{"start":{"line":454,"column":16},"end":{"line":456,"column":5}},"line":454},"31":{"name":"(anonymous_31)","decl":{"start":{"line":461,"column":4},"end":{"line":461,"column":5}},"loc":{"start":{"line":461,"column":13},"end":{"line":463,"column":5}},"line":461},"32":{"name":"(anonymous_32)","decl":{"start":{"line":468,"column":4},"end":{"line":468,"column":5}},"loc":{"start":{"line":468,"column":12},"end":{"line":470,"column":5}},"line":468},"33":{"name":"(anonymous_33)","decl":{"start":{"line":475,"column":4},"end":{"line":475,"column":5}},"loc":{"start":{"line":475,"column":13},"end":{"line":477,"column":5}},"line":475},"34":{"name":"(anonymous_34)","decl":{"start":{"line":482,"column":4},"end":{"line":482,"column":5}},"loc":{"start":{"line":482,"column":12},"end":{"line":484,"column":5}},"line":482},"35":{"name":"(anonymous_35)","decl":{"start":{"line":489,"column":4},"end":{"line":489,"column":5}},"loc":{"start":{"line":489,"column":25},"end":{"line":491,"column":5}},"line":489},"36":{"name":"(anonymous_36)","decl":{"start":{"line":496,"column":4},"end":{"line":496,"column":5}},"loc":{"start":{"line":496,"column":18},"end":{"line":498,"column":5}},"line":496},"37":{"name":"(anonymous_37)","decl":{"start":{"line":503,"column":4},"end":{"line":503,"column":5}},"loc":{"start":{"line":503,"column":23},"end":{"line":505,"column":5}},"line":503},"38":{"name":"(anonymous_38)","decl":{"start":{"line":510,"column":4},"end":{"line":510,"column":5}},"loc":{"start":{"line":510,"column":18},"end":{"line":512,"column":5}},"line":510},"39":{"name":"(anonymous_39)","decl":{"start":{"line":519,"column":4},"end":{"line":519,"column":5}},"loc":{"start":{"line":519,"column":27},"end":{"line":521,"column":5}},"line":519},"40":{"name":"(anonymous_40)","decl":{"start":{"line":527,"column":4},"end":{"line":527,"column":5}},"loc":{"start":{"line":527,"column":29},"end":{"line":529,"column":5}},"line":527},"41":{"name":"(anonymous_41)","decl":{"start":{"line":534,"column":4},"end":{"line":534,"column":5}},"loc":{"start":{"line":534,"column":20},"end":{"line":536,"column":5}},"line":534},"42":{"name":"(anonymous_42)","decl":{"start":{"line":541,"column":4},"end":{"line":541,"column":5}},"loc":{"start":{"line":541,"column":23},"end":{"line":543,"column":5}},"line":541},"43":{"name":"(anonymous_43)","decl":{"start":{"line":548,"column":4},"end":{"line":548,"column":5}},"loc":{"start":{"line":548,"column":17},"end":{"line":550,"column":5}},"line":548},"44":{"name":"(anonymous_44)","decl":{"start":{"line":555,"column":4},"end":{"line":555,"column":5}},"loc":{"start":{"line":555,"column":39},"end":{"line":557,"column":5}},"line":555},"45":{"name":"(anonymous_45)","decl":{"start":{"line":562,"column":4},"end":{"line":562,"column":5}},"loc":{"start":{"line":562,"column":25},"end":{"line":564,"column":5}},"line":562},"46":{"name":"(anonymous_46)","decl":{"start":{"line":569,"column":4},"end":{"line":569,"column":5}},"loc":{"start":{"line":569,"column":31},"end":{"line":571,"column":5}},"line":569},"47":{"name":"(anonymous_47)","decl":{"start":{"line":576,"column":4},"end":{"line":576,"column":5}},"loc":{"start":{"line":576,"column":21},"end":{"line":578,"column":5}},"line":576},"48":{"name":"(anonymous_48)","decl":{"start":{"line":583,"column":4},"end":{"line":583,"column":5}},"loc":{"start":{"line":583,"column":33},"end":{"line":585,"column":5}},"line":583},"49":{"name":"(anonymous_49)","decl":{"start":{"line":590,"column":4},"end":{"line":590,"column":5}},"loc":{"start":{"line":590,"column":22},"end":{"line":592,"column":5}},"line":590},"50":{"name":"(anonymous_50)","decl":{"start":{"line":597,"column":4},"end":{"line":597,"column":5}},"loc":{"start":{"line":597,"column":33},"end":{"line":599,"column":5}},"line":597},"51":{"name":"(anonymous_51)","decl":{"start":{"line":604,"column":4},"end":{"line":604,"column":5}},"loc":{"start":{"line":604,"column":22},"end":{"line":606,"column":5}},"line":604},"52":{"name":"(anonymous_52)","decl":{"start":{"line":611,"column":4},"end":{"line":611,"column":5}},"loc":{"start":{"line":611,"column":17},"end":{"line":613,"column":5}},"line":611},"53":{"name":"(anonymous_53)","decl":{"start":{"line":618,"column":4},"end":{"line":618,"column":5}},"loc":{"start":{"line":618,"column":14},"end":{"line":620,"column":5}},"line":618},"54":{"name":"(anonymous_54)","decl":{"start":{"line":637,"column":4},"end":{"line":637,"column":5}},"loc":{"start":{"line":637,"column":57},"end":{"line":667,"column":5}},"line":637},"55":{"name":"(anonymous_55)","decl":{"start":{"line":674,"column":4},"end":{"line":674,"column":5}},"loc":{"start":{"line":674,"column":17},"end":{"line":686,"column":5}},"line":674},"56":{"name":"(anonymous_56)","decl":{"start":{"line":703,"column":4},"end":{"line":703,"column":5}},"loc":{"start":{"line":703,"column":18},"end":{"line":718,"column":5}},"line":703},"57":{"name":"(anonymous_57)","decl":{"start":{"line":728,"column":4},"end":{"line":728,"column":5}},"loc":{"start":{"line":728,"column":37},"end":{"line":805,"column":5}},"line":728},"58":{"name":"(anonymous_58)","decl":{"start":{"line":775,"column":30},"end":{"line":775,"column":31}},"loc":{"start":{"line":775,"column":36},"end":{"line":775,"column":68}},"line":775},"59":{"name":"(anonymous_59)","decl":{"start":{"line":790,"column":23},"end":{"line":790,"column":24}},"loc":{"start":{"line":790,"column":29},"end":{"line":803,"column":9}},"line":790},"60":{"name":"(anonymous_60)","decl":{"start":{"line":810,"column":4},"end":{"line":810,"column":5}},"loc":{"start":{"line":810,"column":28},"end":{"line":833,"column":5}},"line":810},"61":{"name":"(anonymous_61)","decl":{"start":{"line":817,"column":28},"end":{"line":817,"column":29}},"loc":{"start":{"line":817,"column":36},"end":{"line":832,"column":9}},"line":817},"62":{"name":"(anonymous_62)","decl":{"start":{"line":841,"column":4},"end":{"line":841,"column":5}},"loc":{"start":{"line":841,"column":33},"end":{"line":903,"column":5}},"line":841},"63":{"name":"(anonymous_63)","decl":{"start":{"line":850,"column":23},"end":{"line":850,"column":24}},"loc":{"start":{"line":850,"column":29},"end":{"line":902,"column":9}},"line":850},"64":{"name":"(anonymous_64)","decl":{"start":{"line":911,"column":4},"end":{"line":911,"column":5}},"loc":{"start":{"line":911,"column":35},"end":{"line":918,"column":5}},"line":911},"65":{"name":"(anonymous_65)","decl":{"start":{"line":926,"column":4},"end":{"line":926,"column":5}},"loc":{"start":{"line":926,"column":29},"end":{"line":1005,"column":5}},"line":926},"66":{"name":"(anonymous_66)","decl":{"start":{"line":945,"column":25},"end":{"line":945,"column":26}},"loc":{"start":{"line":945,"column":40},"end":{"line":966,"column":9}},"line":945},"67":{"name":"(anonymous_67)","decl":{"start":{"line":1014,"column":4},"end":{"line":1014,"column":5}},"loc":{"start":{"line":1014,"column":55},"end":{"line":1051,"column":5}},"line":1014},"68":{"name":"(anonymous_68)","decl":{"start":{"line":1018,"column":21},"end":{"line":1018,"column":22}},"loc":{"start":{"line":1018,"column":27},"end":{"line":1048,"column":9}},"line":1018}},"branchMap":{"0":{"loc":{"start":{"line":133,"column":25},"end":{"line":133,"column":93}},"type":"binary-expr","locations":[{"start":{"line":133,"column":25},"end":{"line":133,"column":45}},{"start":{"line":133,"column":49},"end":{"line":133,"column":63}},{"start":{"line":133,"column":67},"end":{"line":133,"column":93}}],"line":133},"1":{"loc":{"start":{"line":153,"column":8},"end":{"line":160,"column":9}},"type":"if","locations":[{"start":{"line":153,"column":8},"end":{"line":160,"column":9}},{"start":{},"end":{}}],"line":153},"2":{"loc":{"start":{"line":153,"column":12},"end":{"line":153,"column":62}},"type":"binary-expr","locations":[{"start":{"line":153,"column":12},"end":{"line":153,"column":38}},{"start":{"line":153,"column":42},"end":{"line":153,"column":62}}],"line":153},"3":{"loc":{"start":{"line":170,"column":8},"end":{"line":171,"column":19}},"type":"if","locations":[{"start":{"line":170,"column":8},"end":{"line":171,"column":19}},{"start":{},"end":{}}],"line":170},"4":{"loc":{"start":{"line":170,"column":12},"end":{"line":170,"column":95}},"type":"binary-expr","locations":[{"start":{"line":170,"column":12},"end":{"line":170,"column":52}},{"start":{"line":170,"column":56},"end":{"line":170,"column":95}}],"line":170},"5":{"loc":{"start":{"line":176,"column":8},"end":{"line":178,"column":9}},"type":"if","locations":[{"start":{"line":176,"column":8},"end":{"line":178,"column":9}},{"start":{},"end":{}}],"line":176},"6":{"loc":{"start":{"line":680,"column":8},"end":{"line":685,"column":9}},"type":"if","locations":[{"start":{"line":680,"column":8},"end":{"line":685,"column":9}},{"start":{},"end":{}}],"line":680},"7":{"loc":{"start":{"line":730,"column":8},"end":{"line":732,"column":9}},"type":"if","locations":[{"start":{"line":730,"column":8},"end":{"line":732,"column":9}},{"start":{},"end":{}}],"line":730},"8":{"loc":{"start":{"line":737,"column":8},"end":{"line":751,"column":9}},"type":"if","locations":[{"start":{"line":737,"column":8},"end":{"line":751,"column":9}},{"start":{},"end":{}}],"line":737},"9":{"loc":{"start":{"line":737,"column":12},"end":{"line":737,"column":44}},"type":"binary-expr","locations":[{"start":{"line":737,"column":12},"end":{"line":737,"column":29}},{"start":{"line":737,"column":33},"end":{"line":737,"column":44}}],"line":737},"10":{"loc":{"start":{"line":754,"column":8},"end":{"line":787,"column":9}},"type":"if","locations":[{"start":{"line":754,"column":8},"end":{"line":787,"column":9}},{"start":{},"end":{}}],"line":754},"11":{"loc":{"start":{"line":754,"column":12},"end":{"line":754,"column":61}},"type":"binary-expr","locations":[{"start":{"line":754,"column":12},"end":{"line":754,"column":23}},{"start":{"line":754,"column":27},"end":{"line":754,"column":61}}],"line":754},"12":{"loc":{"start":{"line":768,"column":16},"end":{"line":780,"column":17}},"type":"if","locations":[{"start":{"line":768,"column":16},"end":{"line":780,"column":17}},{"start":{},"end":{}}],"line":768},"13":{"loc":{"start":{"line":811,"column":8},"end":{"line":813,"column":9}},"type":"if","locations":[{"start":{"line":811,"column":8},"end":{"line":813,"column":9}},{"start":{},"end":{}}],"line":811},"14":{"loc":{"start":{"line":818,"column":12},"end":{"line":831,"column":13}},"type":"if","locations":[{"start":{"line":818,"column":12},"end":{"line":831,"column":13}},{"start":{"line":826,"column":19},"end":{"line":831,"column":13}}],"line":818},"15":{"loc":{"start":{"line":818,"column":16},"end":{"line":818,"column":50}},"type":"binary-expr","locations":[{"start":{"line":818,"column":16},"end":{"line":818,"column":35}},{"start":{"line":818,"column":39},"end":{"line":818,"column":50}}],"line":818},"16":{"loc":{"start":{"line":826,"column":19},"end":{"line":831,"column":13}},"type":"if","locations":[{"start":{"line":826,"column":19},"end":{"line":831,"column":13}},{"start":{},"end":{}}],"line":826},"17":{"loc":{"start":{"line":842,"column":8},"end":{"line":844,"column":9}},"type":"if","locations":[{"start":{"line":842,"column":8},"end":{"line":844,"column":9}},{"start":{},"end":{}}],"line":842},"18":{"loc":{"start":{"line":877,"column":12},"end":{"line":899,"column":13}},"type":"if","locations":[{"start":{"line":877,"column":12},"end":{"line":899,"column":13}},{"start":{},"end":{}}],"line":877},"19":{"loc":{"start":{"line":879,"column":16},"end":{"line":881,"column":17}},"type":"if","locations":[{"start":{"line":879,"column":16},"end":{"line":881,"column":17}},{"start":{},"end":{}}],"line":879},"20":{"loc":{"start":{"line":927,"column":8},"end":{"line":929,"column":9}},"type":"if","locations":[{"start":{"line":927,"column":8},"end":{"line":929,"column":9}},{"start":{},"end":{}}],"line":927},"21":{"loc":{"start":{"line":931,"column":25},"end":{"line":931,"column":95}},"type":"cond-expr","locations":[{"start":{"line":931,"column":54},"end":{"line":931,"column":73}},{"start":{"line":931,"column":76},"end":{"line":931,"column":95}}],"line":931},"22":{"loc":{"start":{"line":938,"column":8},"end":{"line":943,"column":9}},"type":"if","locations":[{"start":{"line":938,"column":8},"end":{"line":943,"column":9}},{"start":{},"end":{}}],"line":938},"23":{"loc":{"start":{"line":939,"column":32},"end":{"line":939,"column":79}},"type":"binary-expr","locations":[{"start":{"line":939,"column":32},"end":{"line":939,"column":50}},{"start":{"line":939,"column":54},"end":{"line":939,"column":79}}],"line":939},"24":{"loc":{"start":{"line":940,"column":32},"end":{"line":940,"column":83}},"type":"cond-expr","locations":[{"start":{"line":940,"column":46},"end":{"line":940,"column":63}},{"start":{"line":940,"column":66},"end":{"line":940,"column":83}}],"line":940},"25":{"loc":{"start":{"line":946,"column":12},"end":{"line":946,"column":48}},"type":"if","locations":[{"start":{"line":946,"column":12},"end":{"line":946,"column":48}},{"start":{},"end":{}}],"line":946},"26":{"loc":{"start":{"line":955,"column":16},"end":{"line":960,"column":17}},"type":"if","locations":[{"start":{"line":955,"column":16},"end":{"line":960,"column":17}},{"start":{"line":958,"column":23},"end":{"line":960,"column":17}}],"line":955},"27":{"loc":{"start":{"line":955,"column":20},"end":{"line":955,"column":80}},"type":"binary-expr","locations":[{"start":{"line":955,"column":20},"end":{"line":955,"column":54}},{"start":{"line":955,"column":58},"end":{"line":955,"column":80}}],"line":955},"28":{"loc":{"start":{"line":962,"column":12},"end":{"line":964,"column":13}},"type":"if","locations":[{"start":{"line":962,"column":12},"end":{"line":964,"column":13}},{"start":{},"end":{}}],"line":962},"29":{"loc":{"start":{"line":965,"column":19},"end":{"line":965,"column":51}},"type":"cond-expr","locations":[{"start":{"line":965,"column":38},"end":{"line":965,"column":43}},{"start":{"line":965,"column":46},"end":{"line":965,"column":51}}],"line":965},"30":{"loc":{"start":{"line":1030,"column":12},"end":{"line":1045,"column":13}},"type":"if","locations":[{"start":{"line":1030,"column":12},"end":{"line":1045,"column":13}},{"start":{},"end":{}}],"line":1030},"31":{"loc":{"start":{"line":1030,"column":16},"end":{"line":1030,"column":54}},"type":"binary-expr","locations":[{"start":{"line":1030,"column":16},"end":{"line":1030,"column":32}},{"start":{"line":1030,"column":36},"end":{"line":1030,"column":54}}],"line":1030},"32":{"loc":{"start":{"line":1054,"column":0},"end":{"line":1056,"column":1}},"type":"if","locations":[{"start":{"line":1054,"column":0},"end":{"line":1056,"column":1}},{"start":{},"end":{}}],"line":1054},"33":{"loc":{"start":{"line":1058,"column":0},"end":{"line":1060,"column":1}},"type":"if","locations":[{"start":{"line":1058,"column":0},"end":{"line":1060,"column":1}},{"start":{},"end":{}}],"line":1058},"34":{"loc":{"start":{"line":1058,"column":4},"end":{"line":1058,"column":51}},"type":"binary-expr","locations":[{"start":{"line":1058,"column":4},"end":{"line":1058,"column":33}},{"start":{"line":1058,"column":37},"end":{"line":1058,"column":51}}],"line":1058}},"s":{"0":25,"1":25,"2":25,"3":25,"4":25,"5":25,"6":25,"7":25,"8":25,"9":25,"10":2,"11":22,"12":1,"13":1,"14":1,"15":1,"16":1,"17":1,"18":1,"19":1,"20":1,"21":1,"22":1,"23":1,"24":1,"25":1,"26":0,"27":0,"28":0,"29":0,"30":0,"31":0,"32":0,"33":0,"34":0,"35":0,"36":0,"37":0,"38":0,"39":0,"40":0,"41":0,"42":0,"43":0,"44":0,"45":17,"46":17,"47":17,"48":17,"49":17,"50":17,"51":17,"52":17,"53":17,"54":17,"55":17,"56":17,"57":17,"58":17,"59":17,"60":17,"61":17,"62":17,"63":17,"64":17,"65":17,"66":17,"67":17,"68":17,"69":17,"70":17,"71":17,"72":17,"73":17,"74":17,"75":17,"76":17,"77":17,"78":17,"79":17,"80":17,"81":17,"82":17,"83":17,"84":17,"85":17,"86":17,"87":17,"88":17,"89":17,"90":17,"91":17,"92":17,"93":17,"94":17,"95":17,"96":17,"97":17,"98":17,"99":17,"100":17,"101":17,"102":17,"103":17,"104":17,"105":17,"106":17,"107":17,"108":17,"109":17,"110":17,"111":17,"112":17,"113":17,"114":17,"115":17,"116":17,"117":17,"118":17,"119":17,"120":17,"121":17,"122":17,"123":17,"124":17,"125":17,"126":17,"127":17,"128":17,"129":17,"130":17,"131":17,"132":17,"133":17,"134":17,"135":17,"136":17,"137":17,"138":17,"139":17,"140":17,"141":17,"142":17,"143":17,"144":17,"145":17,"146":17,"147":17,"148":17,"149":17,"150":17,"151":17,"152":17,"153":17,"154":17,"155":17,"156":17,"157":17,"158":17,"159":0,"160":0,"161":0,"162":0,"163":0,"164":0,"165":0,"166":0,"167":0,"168":0,"169":0,"170":0,"171":0,"172":0,"173":0,"174":0,"175":0,"176":0,"177":0,"178":0,"179":0,"180":0,"181":0,"182":0,"183":0,"184":0,"185":0,"186":2,"187":7,"188":0,"189":0,"190":0,"191":0,"192":0,"193":0,"194":0,"195":0,"196":0,"197":0,"198":0,"199":0,"200":1,"201":0,"202":0,"203":0,"204":0,"205":0,"206":0,"207":0,"208":0,"209":0,"210":0,"211":0,"212":0,"213":0,"214":0,"215":0,"216":0,"217":0,"218":0,"219":0,"220":0,"221":0,"222":0,"223":0,"224":0,"225":0,"226":0,"227":1,"228":0,"229":0,"230":0,"231":0,"232":0,"233":0,"234":0,"235":0,"236":0,"237":0,"238":0,"239":0,"240":0,"241":0,"242":0,"243":0,"244":0,"245":0,"246":0,"247":0,"248":0,"249":0,"250":0,"251":0,"252":0,"253":0,"254":0,"255":0,"256":0,"257":0,"258":0,"259":0,"260":0,"261":0,"262":0,"263":0,"264":0,"265":0,"266":0,"267":0,"268":0,"269":0,"270":0,"271":0,"272":0,"273":0,"274":0,"275":0,"276":0,"277":0,"278":0,"279":0,"280":0,"281":0,"282":0,"283":0,"284":0,"285":0,"286":0,"287":0,"288":0,"289":0,"290":0,"291":0,"292":0,"293":0,"294":0,"295":0,"296":0,"297":0,"298":0,"299":0,"300":0,"301":0,"302":0,"303":0,"304":0,"305":0,"306":0,"307":0,"308":0,"309":0,"310":0,"311":0,"312":0,"313":0,"314":0,"315":0,"316":0,"317":0,"318":0,"319":0,"320":0,"321":0,"322":0,"323":0,"324":0,"325":0,"326":0,"327":0,"328":0,"329":0,"330":0,"331":0,"332":0,"333":0,"334":0,"335":0,"336":0,"337":0,"338":0,"339":0,"340":0,"341":0,"342":0,"343":0,"344":0,"345":0,"346":0,"347":0,"348":0,"349":0,"350":0,"351":0,"352":0,"353":0,"354":0,"355":0,"356":0,"357":0,"358":0,"359":0,"360":0,"361":0,"362":0,"363":0,"364":0,"365":0,"366":0,"367":0,"368":0,"369":0,"370":0,"371":0,"372":0,"373":0,"374":0,"375":0,"376":0,"377":0,"378":0,"379":0,"380":0,"381":0,"382":0,"383":0,"384":0,"385":0,"386":0,"387":0,"388":0,"389":0,"390":0,"391":0,"392":0,"393":0,"394":0,"395":0,"396":0,"397":0,"398":0,"399":0,"400":0,"401":0,"402":0,"403":1,"404":1,"405":1,"406":1},"f":{"0":25,"1":2,"2":22,"3":1,"4":1,"5":1,"6":1,"7":1,"8":1,"9":1,"10":0,"11":0,"12":17,"13":0,"14":0,"15":0,"16":0,"17":0,"18":0,"19":0,"20":0,"21":0,"22":0,"23":0,"24":0,"25":0,"26":0,"27":0,"28":0,"29":0,"30":0,"31":0,"32":0,"33":0,"34":0,"35":0,"36":0,"37":0,"38":0,"39":0,"40":2,"41":7,"42":0,"43":0,"44":0,"45":0,"46":0,"47":0,"48":0,"49":0,"50":0,"51":0,"52":0,"53":0,"54":0,"55":0,"56":0,"57":0,"58":0,"59":0,"60":0,"61":0,"62":0,"63":0,"64":0,"65":0,"66":0,"67":0,"68":0},"b":{"0":[1,1,1],"1":[0,0],"2":[0,0],"3":[0,0],"4":[0,0],"5":[0,0],"6":[0,0],"7":[0,0],"8":[0,0],"9":[0,0],"10":[0,0],"11":[0,0],"12":[0,0],"13":[0,0],"14":[0,0],"15":[0,0],"16":[0,0],"17":[0,0],"18":[0,0],"19":[0,0],"20":[0,0],"21":[0,0],"22":[0,0],"23":[0,0],"24":[0,0],"25":[0,0],"26":[0,0],"27":[0,0],"28":[0,0],"29":[0,0],"30":[0,0],"31":[0,0],"32":[1,0],"33":[1,0],"34":[1,1]},"_coverageSchema":"1a1c01bbd47fc00a2c39e90264f33305004495a9","hash":"c310083e3ae72654997e61e4b8d39640c85f1eab"}
}
