<?xml version="1.0" encoding="UTF-8"?>
<coverage generated="1745221943130" clover="3.2.0">
  <project timestamp="1745221943130" name="All files">
    <metrics statements="107" coveredstatements="100" conditionals="24" coveredconditionals="21" methods="19" coveredmethods="19" elements="150" coveredelements="140" complexity="0" loc="107" ncloc="107" packages="1" files="1" classes="1"/>
    <file name="trash.js" path="/Users/mohn/Generals/Void/Contributions/musicblocks/js/trash.js">
      <metrics statements="107" coveredstatements="100" conditionals="24" coveredconditionals="21" methods="19" coveredmethods="19"/>
      <line num="22" count="1" type="stmt"/>
      <line num="23" count="1" type="stmt"/>
      <line num="29" count="9" type="stmt"/>
      <line num="30" count="9" type="stmt"/>
      <line num="31" count="9" type="stmt"/>
      <line num="32" count="9" type="stmt"/>
      <line num="33" count="9" type="stmt"/>
      <line num="34" count="9" type="stmt"/>
      <line num="35" count="9" type="stmt"/>
      <line num="36" count="9" type="stmt"/>
      <line num="37" count="9" type="stmt"/>
      <line num="38" count="9" type="stmt"/>
      <line num="39" count="9" type="stmt"/>
      <line num="40" count="9" type="stmt"/>
      <line num="42" count="9" type="stmt"/>
      <line num="43" count="9" type="stmt"/>
      <line num="44" count="9" type="stmt"/>
      <line num="45" count="9" type="stmt"/>
      <line num="54" count="34" type="stmt"/>
      <line num="56" count="34" type="stmt"/>
      <line num="57" count="34" type="stmt"/>
      <line num="58" count="34" type="stmt"/>
      <line num="59" count="34" type="stmt"/>
      <line num="60" count="34" type="cond" truecount="2" falsecount="0"/>
      <line num="61" count="9" type="stmt"/>
      <line num="62" count="9" type="stmt"/>
      <line num="64" count="25" type="stmt"/>
      <line num="67" count="34" type="stmt"/>
      <line num="68" count="34" type="stmt"/>
      <line num="72" count="34" type="stmt"/>
      <line num="79" count="34" type="cond" truecount="2" falsecount="0"/>
      <line num="81" count="1" type="stmt"/>
      <line num="84" count="34" type="stmt"/>
      <line num="96" count="9" type="stmt"/>
      <line num="98" count="9" type="stmt"/>
      <line num="99" count="9" type="stmt"/>
      <line num="100" count="9" type="stmt"/>
      <line num="101" count="9" type="stmt"/>
      <line num="102" count="9" type="stmt"/>
      <line num="103" count="9" type="stmt"/>
      <line num="106" count="9" type="stmt"/>
      <line num="118" count="9" type="stmt"/>
      <line num="120" count="9" type="stmt"/>
      <line num="121" count="9" type="stmt"/>
      <line num="122" count="9" type="stmt"/>
      <line num="123" count="9" type="stmt"/>
      <line num="124" count="9" type="stmt"/>
      <line num="125" count="9" type="stmt"/>
      <line num="126" count="9" type="stmt"/>
      <line num="127" count="9" type="stmt"/>
      <line num="128" count="9" type="stmt"/>
      <line num="131" count="9" type="stmt"/>
      <line num="144" count="11" type="stmt"/>
      <line num="146" count="11" type="stmt"/>
      <line num="151" count="3" type="cond" truecount="2" falsecount="0"/>
      <line num="155" count="10" type="stmt"/>
      <line num="156" count="10" type="stmt"/>
      <line num="158" count="10" type="stmt"/>
      <line num="162" count="1" type="stmt"/>
      <line num="163" count="1" type="stmt"/>
      <line num="165" count="1" type="cond" truecount="1" falsecount="1"/>
      <line num="166" count="1" type="stmt"/>
      <line num="170" count="10" type="stmt"/>
      <line num="171" count="1" type="stmt"/>
      <line num="172" count="1" type="stmt"/>
      <line num="181" count="1" type="stmt"/>
      <line num="189" count="1" type="stmt"/>
      <line num="190" count="1" type="stmt"/>
      <line num="200" count="2" type="cond" truecount="2" falsecount="0"/>
      <line num="201" count="1" type="stmt"/>
      <line num="204" count="1" type="stmt"/>
      <line num="206" count="1" type="stmt"/>
      <line num="207" count="25" type="stmt"/>
      <line num="208" count="25" type="cond" truecount="2" falsecount="0"/>
      <line num="209" count="1" type="stmt"/>
      <line num="210" count="1" type="stmt"/>
      <line num="211" count="1" type="stmt"/>
      <line num="212" count="1" type="stmt"/>
      <line num="213" count="1" type="stmt"/>
      <line num="216" count="24" type="stmt"/>
      <line num="220" count="24" type="stmt"/>
      <line num="221" count="24" type="stmt"/>
      <line num="224" count="1" type="stmt"/>
      <line num="232" count="1" type="cond" truecount="1" falsecount="1"/>
      <line num="233" count="1" type="stmt"/>
      <line num="236" count="0" type="stmt"/>
      <line num="237" count="0" type="stmt"/>
      <line num="238" count="0" type="stmt"/>
      <line num="239" count="0" type="stmt"/>
      <line num="240" count="0" type="stmt"/>
      <line num="241" count="0" type="stmt"/>
      <line num="242" count="0" type="stmt"/>
      <line num="250" count="3" type="stmt"/>
      <line num="251" count="3" type="stmt"/>
      <line num="252" count="3" type="stmt"/>
      <line num="253" count="3" type="stmt"/>
      <line num="263" count="4" type="stmt"/>
      <line num="264" count="4" type="stmt"/>
      <line num="266" count="4" type="cond" truecount="2" falsecount="0"/>
      <line num="267" count="1" type="stmt"/>
      <line num="268" count="3" type="cond" truecount="2" falsecount="0"/>
      <line num="269" count="1" type="stmt"/>
      <line num="272" count="2" type="cond" truecount="2" falsecount="0"/>
      <line num="273" count="1" type="stmt"/>
      <line num="276" count="1" type="stmt"/>
      <line num="279" count="1" type="cond" truecount="3" falsecount="1"/>
      <line num="280" count="1" type="stmt"/>
    </file>
  </project>
</coverage>
