{"/home/severe/musicblocks.1/musicblocks/js/turtleactions/IntervalsActions.js": {"path":"/home/severe/musicblocks.1/musicblocks/js/turtleactions/IntervalsActions.js","statementMap":{"0":{"start":{"line":49,"column":4},"end":{"line":458,"column":6}},"1":{"start":{"line":58,"column":27},"end":{"line":58,"column":34}},"2":{"start":{"line":59,"column":12},"end":{"line":64,"column":13}},"3":{"start":{"line":60,"column":16},"end":{"line":63,"column":17}},"4":{"start":{"line":61,"column":20},"end":{"line":61,"column":37}},"5":{"start":{"line":62,"column":20},"end":{"line":62,"column":26}},"6":{"start":{"line":66,"column":12},"end":{"line":66,"column":28}},"7":{"start":{"line":75,"column":24},"end":{"line":75,"column":58}},"8":{"start":{"line":76,"column":52},"end":{"line":76,"column":76}},"9":{"start":{"line":77,"column":33},"end":{"line":77,"column":91}},"10":{"start":{"line":79,"column":12},"end":{"line":79,"column":119}},"11":{"start":{"line":79,"column":82},"end":{"line":79,"column":119}},"12":{"start":{"line":81,"column":12},"end":{"line":81,"column":114}},"13":{"start":{"line":81,"column":77},"end":{"line":81,"column":114}},"14":{"start":{"line":83,"column":12},"end":{"line":83,"column":79}},"15":{"start":{"line":83,"column":53},"end":{"line":83,"column":79}},"16":{"start":{"line":85,"column":12},"end":{"line":88,"column":13}},"17":{"start":{"line":86,"column":16},"end":{"line":86,"column":37}},"18":{"start":{"line":87,"column":16},"end":{"line":87,"column":25}},"19":{"start":{"line":90,"column":12},"end":{"line":90,"column":34}},"20":{"start":{"line":100,"column":24},"end":{"line":100,"column":58}},"21":{"start":{"line":102,"column":54},"end":{"line":102,"column":78}},"22":{"start":{"line":104,"column":27},"end":{"line":104,"column":71}},"23":{"start":{"line":105,"column":27},"end":{"line":105,"column":72}},"24":{"start":{"line":106,"column":27},"end":{"line":106,"column":29}},"25":{"start":{"line":107,"column":28},"end":{"line":107,"column":53}},"26":{"start":{"line":109,"column":12},"end":{"line":109,"column":90}},"27":{"start":{"line":109,"column":49},"end":{"line":109,"column":90}},"28":{"start":{"line":111,"column":33},"end":{"line":111,"column":63}},"29":{"start":{"line":113,"column":38},"end":{"line":113,"column":137}},"30":{"start":{"line":114,"column":27},"end":{"line":114,"column":78}},"31":{"start":{"line":116,"column":21},"end":{"line":116,"column":80}},"32":{"start":{"line":117,"column":12},"end":{"line":127,"column":13}},"33":{"start":{"line":118,"column":16},"end":{"line":122,"column":17}},"34":{"start":{"line":119,"column":20},"end":{"line":119,"column":47}},"35":{"start":{"line":119,"column":39},"end":{"line":119,"column":47}},"36":{"start":{"line":120,"column":30},"end":{"line":120,"column":87}},"37":{"start":{"line":121,"column":20},"end":{"line":121,"column":66}},"38":{"start":{"line":123,"column":16},"end":{"line":126,"column":17}},"39":{"start":{"line":124,"column":30},"end":{"line":124,"column":87}},"40":{"start":{"line":125,"column":20},"end":{"line":125,"column":66}},"41":{"start":{"line":129,"column":12},"end":{"line":134,"column":13}},"42":{"start":{"line":130,"column":16},"end":{"line":132,"column":17}},"43":{"start":{"line":131,"column":20},"end":{"line":131,"column":74}},"44":{"start":{"line":133,"column":16},"end":{"line":133,"column":65}},"45":{"start":{"line":133,"column":44},"end":{"line":133,"column":65}},"46":{"start":{"line":136,"column":12},"end":{"line":141,"column":13}},"47":{"start":{"line":137,"column":16},"end":{"line":137,"column":89}},"48":{"start":{"line":138,"column":16},"end":{"line":138,"column":65}},"49":{"start":{"line":138,"column":33},"end":{"line":138,"column":65}},"50":{"start":{"line":139,"column":16},"end":{"line":139,"column":32}},"51":{"start":{"line":140,"column":16},"end":{"line":140,"column":39}},"52":{"start":{"line":143,"column":29},"end":{"line":143,"column":188}},"53":{"start":{"line":144,"column":12},"end":{"line":144,"column":28}},"54":{"start":{"line":158,"column":29},"end":{"line":158,"column":70}},"55":{"start":{"line":159,"column":24},"end":{"line":159,"column":58}},"56":{"start":{"line":160,"column":28},"end":{"line":169,"column":13}},"57":{"start":{"line":170,"column":12},"end":{"line":170,"column":66}},"58":{"start":{"line":171,"column":12},"end":{"line":171,"column":77}},"59":{"start":{"line":183,"column":12},"end":{"line":183,"column":88}},"60":{"start":{"line":195,"column":12},"end":{"line":195,"column":88}},"61":{"start":{"line":207,"column":12},"end":{"line":207,"column":89}},"62":{"start":{"line":220,"column":12},"end":{"line":220,"column":72}},"63":{"start":{"line":234,"column":24},"end":{"line":234,"column":58}},"64":{"start":{"line":236,"column":12},"end":{"line":236,"column":43}},"65":{"start":{"line":237,"column":12},"end":{"line":237,"column":39}},"66":{"start":{"line":239,"column":12},"end":{"line":244,"column":13}},"67":{"start":{"line":240,"column":16},"end":{"line":240,"column":56}},"68":{"start":{"line":241,"column":16},"end":{"line":241,"column":36}},"69":{"start":{"line":243,"column":16},"end":{"line":243,"column":46}},"70":{"start":{"line":246,"column":33},"end":{"line":246,"column":56}},"71":{"start":{"line":247,"column":12},"end":{"line":252,"column":13}},"72":{"start":{"line":248,"column":16},"end":{"line":248,"column":74}},"73":{"start":{"line":249,"column":19},"end":{"line":252,"column":13}},"74":{"start":{"line":250,"column":30},"end":{"line":250,"column":59}},"75":{"start":{"line":251,"column":16},"end":{"line":251,"column":74}},"76":{"start":{"line":251,"column":36},"end":{"line":251,"column":74}},"77":{"start":{"line":254,"column":31},"end":{"line":289,"column":13}},"78":{"start":{"line":255,"column":16},"end":{"line":255,"column":44}},"79":{"start":{"line":256,"column":16},"end":{"line":259,"column":17}},"80":{"start":{"line":257,"column":20},"end":{"line":257,"column":50}},"81":{"start":{"line":258,"column":20},"end":{"line":258,"column":75}},"82":{"start":{"line":261,"column":37},"end":{"line":261,"column":86}},"83":{"start":{"line":261,"column":74},"end":{"line":261,"column":85}},"84":{"start":{"line":263,"column":16},"end":{"line":281,"column":17}},"85":{"start":{"line":263,"column":29},"end":{"line":263,"column":30}},"86":{"start":{"line":264,"column":20},"end":{"line":269,"column":21}},"87":{"start":{"line":265,"column":24},"end":{"line":267,"column":26}},"88":{"start":{"line":268,"column":24},"end":{"line":268,"column":33}},"89":{"start":{"line":271,"column":20},"end":{"line":274,"column":21}},"90":{"start":{"line":272,"column":24},"end":{"line":272,"column":82}},"91":{"start":{"line":273,"column":24},"end":{"line":273,"column":33}},"92":{"start":{"line":276,"column":20},"end":{"line":280,"column":21}},"93":{"start":{"line":277,"column":24},"end":{"line":277,"column":91}},"94":{"start":{"line":279,"column":24},"end":{"line":279,"column":74}},"95":{"start":{"line":283,"column":29},"end":{"line":283,"column":74}},"96":{"start":{"line":284,"column":16},"end":{"line":286,"column":17}},"97":{"start":{"line":285,"column":20},"end":{"line":285,"column":58}},"98":{"start":{"line":288,"column":16},"end":{"line":288,"column":48}},"99":{"start":{"line":291,"column":12},"end":{"line":291,"column":78}},"100":{"start":{"line":306,"column":22},"end":{"line":306,"column":27}},"101":{"start":{"line":307,"column":12},"end":{"line":310,"column":13}},"102":{"start":{"line":308,"column":16},"end":{"line":308,"column":56}},"103":{"start":{"line":309,"column":16},"end":{"line":309,"column":24}},"104":{"start":{"line":312,"column":24},"end":{"line":312,"column":58}},"105":{"start":{"line":314,"column":22},"end":{"line":314,"column":64}},"106":{"start":{"line":315,"column":12},"end":{"line":315,"column":41}},"107":{"start":{"line":317,"column":33},"end":{"line":317,"column":54}},"108":{"start":{"line":318,"column":12},"end":{"line":323,"column":13}},"109":{"start":{"line":319,"column":16},"end":{"line":319,"column":74}},"110":{"start":{"line":320,"column":19},"end":{"line":323,"column":13}},"111":{"start":{"line":321,"column":30},"end":{"line":321,"column":59}},"112":{"start":{"line":322,"column":16},"end":{"line":322,"column":74}},"113":{"start":{"line":322,"column":36},"end":{"line":322,"column":74}},"114":{"start":{"line":325,"column":31},"end":{"line":325,"column":63}},"115":{"start":{"line":325,"column":37},"end":{"line":325,"column":63}},"116":{"start":{"line":327,"column":12},"end":{"line":327,"column":78}},"117":{"start":{"line":341,"column":22},"end":{"line":341,"column":25}},"118":{"start":{"line":342,"column":12},"end":{"line":345,"column":13}},"119":{"start":{"line":343,"column":16},"end":{"line":343,"column":56}},"120":{"start":{"line":344,"column":16},"end":{"line":344,"column":29}},"121":{"start":{"line":347,"column":24},"end":{"line":347,"column":58}},"122":{"start":{"line":349,"column":12},"end":{"line":349,"column":48}},"123":{"start":{"line":351,"column":33},"end":{"line":351,"column":60}},"124":{"start":{"line":352,"column":12},"end":{"line":357,"column":13}},"125":{"start":{"line":353,"column":16},"end":{"line":353,"column":74}},"126":{"start":{"line":354,"column":19},"end":{"line":357,"column":13}},"127":{"start":{"line":355,"column":30},"end":{"line":355,"column":59}},"128":{"start":{"line":356,"column":16},"end":{"line":356,"column":74}},"129":{"start":{"line":356,"column":36},"end":{"line":356,"column":74}},"130":{"start":{"line":359,"column":31},"end":{"line":359,"column":68}},"131":{"start":{"line":359,"column":37},"end":{"line":359,"column":68}},"132":{"start":{"line":361,"column":12},"end":{"line":361,"column":78}},"133":{"start":{"line":375,"column":22},"end":{"line":375,"column":27}},"134":{"start":{"line":376,"column":12},"end":{"line":379,"column":13}},"135":{"start":{"line":377,"column":16},"end":{"line":377,"column":56}},"136":{"start":{"line":378,"column":16},"end":{"line":378,"column":24}},"137":{"start":{"line":381,"column":24},"end":{"line":381,"column":58}},"138":{"start":{"line":383,"column":22},"end":{"line":383,"column":64}},"139":{"start":{"line":384,"column":12},"end":{"line":399,"column":13}},"140":{"start":{"line":385,"column":16},"end":{"line":385,"column":81}},"141":{"start":{"line":386,"column":16},"end":{"line":386,"column":45}},"142":{"start":{"line":388,"column":37},"end":{"line":388,"column":67}},"143":{"start":{"line":389,"column":16},"end":{"line":394,"column":17}},"144":{"start":{"line":390,"column":20},"end":{"line":390,"column":78}},"145":{"start":{"line":391,"column":23},"end":{"line":394,"column":17}},"146":{"start":{"line":392,"column":34},"end":{"line":392,"column":63}},"147":{"start":{"line":393,"column":20},"end":{"line":393,"column":78}},"148":{"start":{"line":393,"column":40},"end":{"line":393,"column":78}},"149":{"start":{"line":396,"column":35},"end":{"line":396,"column":75}},"150":{"start":{"line":396,"column":41},"end":{"line":396,"column":75}},"151":{"start":{"line":398,"column":16},"end":{"line":398,"column":82}},"152":{"start":{"line":413,"column":22},"end":{"line":413,"column":27}},"153":{"start":{"line":414,"column":12},"end":{"line":417,"column":13}},"154":{"start":{"line":415,"column":16},"end":{"line":415,"column":56}},"155":{"start":{"line":416,"column":16},"end":{"line":416,"column":24}},"156":{"start":{"line":419,"column":24},"end":{"line":419,"column":58}},"157":{"start":{"line":420,"column":12},"end":{"line":420,"column":50}},"158":{"start":{"line":421,"column":33},"end":{"line":421,"column":60}},"159":{"start":{"line":422,"column":12},"end":{"line":427,"column":13}},"160":{"start":{"line":423,"column":16},"end":{"line":423,"column":74}},"161":{"start":{"line":424,"column":19},"end":{"line":427,"column":13}},"162":{"start":{"line":425,"column":30},"end":{"line":425,"column":59}},"163":{"start":{"line":426,"column":16},"end":{"line":426,"column":74}},"164":{"start":{"line":426,"column":36},"end":{"line":426,"column":74}},"165":{"start":{"line":429,"column":31},"end":{"line":429,"column":68}},"166":{"start":{"line":429,"column":37},"end":{"line":429,"column":68}},"167":{"start":{"line":431,"column":12},"end":{"line":431,"column":78}},"168":{"start":{"line":445,"column":12},"end":{"line":445,"column":60}},"169":{"start":{"line":446,"column":12},"end":{"line":446,"column":68}},"170":{"start":{"line":448,"column":12},"end":{"line":448,"column":64}},"171":{"start":{"line":449,"column":24},"end":{"line":449,"column":64}},"172":{"start":{"line":451,"column":12},"end":{"line":456,"column":13}},"173":{"start":{"line":455,"column":16},"end":{"line":455,"column":63}}},"fnMap":{"0":{"name":"setupIntervalsActions","decl":{"start":{"line":48,"column":9},"end":{"line":48,"column":30}},"loc":{"start":{"line":48,"column":41},"end":{"line":459,"column":1}},"line":48},"1":{"name":"(anonymous_1)","decl":{"start":{"line":57,"column":8},"end":{"line":57,"column":9}},"loc":{"start":{"line":57,"column":33},"end":{"line":67,"column":9}},"line":57},"2":{"name":"(anonymous_2)","decl":{"start":{"line":74,"column":8},"end":{"line":74,"column":9}},"loc":{"start":{"line":74,"column":41},"end":{"line":91,"column":9}},"line":74},"3":{"name":"(anonymous_3)","decl":{"start":{"line":99,"column":8},"end":{"line":99,"column":9}},"loc":{"start":{"line":99,"column":42},"end":{"line":145,"column":9}},"line":99},"4":{"name":"(anonymous_4)","decl":{"start":{"line":157,"column":8},"end":{"line":157,"column":9}},"loc":{"start":{"line":157,"column":41},"end":{"line":172,"column":9}},"line":157},"5":{"name":"(anonymous_5)","decl":{"start":{"line":182,"column":8},"end":{"line":182,"column":9}},"loc":{"start":{"line":182,"column":37},"end":{"line":184,"column":9}},"line":182},"6":{"name":"(anonymous_6)","decl":{"start":{"line":194,"column":8},"end":{"line":194,"column":9}},"loc":{"start":{"line":194,"column":38},"end":{"line":196,"column":9}},"line":194},"7":{"name":"(anonymous_7)","decl":{"start":{"line":206,"column":8},"end":{"line":206,"column":9}},"loc":{"start":{"line":206,"column":37},"end":{"line":208,"column":9}},"line":206},"8":{"name":"(anonymous_8)","decl":{"start":{"line":219,"column":8},"end":{"line":219,"column":9}},"loc":{"start":{"line":219,"column":45},"end":{"line":221,"column":9}},"line":219},"9":{"name":"(anonymous_9)","decl":{"start":{"line":233,"column":8},"end":{"line":233,"column":9}},"loc":{"start":{"line":233,"column":45},"end":{"line":292,"column":9}},"line":233},"10":{"name":"(anonymous_10)","decl":{"start":{"line":254,"column":31},"end":{"line":254,"column":32}},"loc":{"start":{"line":254,"column":37},"end":{"line":289,"column":13}},"line":254},"11":{"name":"(anonymous_11)","decl":{"start":{"line":261,"column":64},"end":{"line":261,"column":65}},"loc":{"start":{"line":261,"column":74},"end":{"line":261,"column":85}},"line":261},"12":{"name":"(anonymous_12)","decl":{"start":{"line":305,"column":8},"end":{"line":305,"column":9}},"loc":{"start":{"line":305,"column":53},"end":{"line":328,"column":9}},"line":305},"13":{"name":"(anonymous_13)","decl":{"start":{"line":325,"column":31},"end":{"line":325,"column":32}},"loc":{"start":{"line":325,"column":37},"end":{"line":325,"column":63}},"line":325},"14":{"name":"(anonymous_14)","decl":{"start":{"line":340,"column":8},"end":{"line":340,"column":9}},"loc":{"start":{"line":340,"column":50},"end":{"line":362,"column":9}},"line":340},"15":{"name":"(anonymous_15)","decl":{"start":{"line":359,"column":31},"end":{"line":359,"column":32}},"loc":{"start":{"line":359,"column":37},"end":{"line":359,"column":68}},"line":359},"16":{"name":"(anonymous_16)","decl":{"start":{"line":374,"column":8},"end":{"line":374,"column":9}},"loc":{"start":{"line":374,"column":55},"end":{"line":400,"column":9}},"line":374},"17":{"name":"(anonymous_17)","decl":{"start":{"line":396,"column":35},"end":{"line":396,"column":36}},"loc":{"start":{"line":396,"column":41},"end":{"line":396,"column":75}},"line":396},"18":{"name":"(anonymous_18)","decl":{"start":{"line":412,"column":8},"end":{"line":412,"column":9}},"loc":{"start":{"line":412,"column":52},"end":{"line":432,"column":9}},"line":412},"19":{"name":"(anonymous_19)","decl":{"start":{"line":429,"column":31},"end":{"line":429,"column":32}},"loc":{"start":{"line":429,"column":37},"end":{"line":429,"column":68}},"line":429},"20":{"name":"(anonymous_20)","decl":{"start":{"line":444,"column":8},"end":{"line":444,"column":9}},"loc":{"start":{"line":444,"column":58},"end":{"line":457,"column":9}},"line":444}},"branchMap":{"0":{"loc":{"start":{"line":60,"column":16},"end":{"line":63,"column":17}},"type":"if","locations":[{"start":{"line":60,"column":16},"end":{"line":63,"column":17}},{"start":{},"end":{}}],"line":60},"1":{"loc":{"start":{"line":60,"column":20},"end":{"line":60,"column":55}},"type":"binary-expr","locations":[{"start":{"line":60,"column":20},"end":{"line":60,"column":34}},{"start":{"line":60,"column":38},"end":{"line":60,"column":55}}],"line":60},"2":{"loc":{"start":{"line":79,"column":12},"end":{"line":79,"column":119}},"type":"if","locations":[{"start":{"line":79,"column":12},"end":{"line":79,"column":119}},{"start":{},"end":{}}],"line":79},"3":{"loc":{"start":{"line":79,"column":16},"end":{"line":79,"column":80}},"type":"binary-expr","locations":[{"start":{"line":79,"column":16},"end":{"line":79,"column":64}},{"start":{"line":79,"column":68},"end":{"line":79,"column":80}}],"line":79},"4":{"loc":{"start":{"line":81,"column":12},"end":{"line":81,"column":114}},"type":"if","locations":[{"start":{"line":81,"column":12},"end":{"line":81,"column":114}},{"start":{},"end":{}}],"line":81},"5":{"loc":{"start":{"line":81,"column":16},"end":{"line":81,"column":75}},"type":"binary-expr","locations":[{"start":{"line":81,"column":16},"end":{"line":81,"column":26}},{"start":{"line":81,"column":30},"end":{"line":81,"column":50}},{"start":{"line":81,"column":54},"end":{"line":81,"column":75}}],"line":81},"6":{"loc":{"start":{"line":83,"column":12},"end":{"line":83,"column":79}},"type":"if","locations":[{"start":{"line":83,"column":12},"end":{"line":83,"column":79}},{"start":{},"end":{}}],"line":83},"7":{"loc":{"start":{"line":83,"column":16},"end":{"line":83,"column":51}},"type":"binary-expr","locations":[{"start":{"line":83,"column":16},"end":{"line":83,"column":27}},{"start":{"line":83,"column":31},"end":{"line":83,"column":51}}],"line":83},"8":{"loc":{"start":{"line":109,"column":12},"end":{"line":109,"column":90}},"type":"if","locations":[{"start":{"line":109,"column":12},"end":{"line":109,"column":90}},{"start":{},"end":{}}],"line":109},"9":{"loc":{"start":{"line":109,"column":16},"end":{"line":109,"column":47}},"type":"binary-expr","locations":[{"start":{"line":109,"column":16},"end":{"line":109,"column":31}},{"start":{"line":109,"column":35},"end":{"line":109,"column":47}}],"line":109},"10":{"loc":{"start":{"line":114,"column":27},"end":{"line":114,"column":78}},"type":"cond-expr","locations":[{"start":{"line":114,"column":52},"end":{"line":114,"column":64}},{"start":{"line":114,"column":67},"end":{"line":114,"column":78}}],"line":114},"11":{"loc":{"start":{"line":116,"column":21},"end":{"line":116,"column":80}},"type":"binary-expr","locations":[{"start":{"line":116,"column":21},"end":{"line":116,"column":60}},{"start":{"line":116,"column":64},"end":{"line":116,"column":80}}],"line":116},"12":{"loc":{"start":{"line":117,"column":12},"end":{"line":127,"column":13}},"type":"if","locations":[{"start":{"line":117,"column":12},"end":{"line":127,"column":13}},{"start":{},"end":{}}],"line":117},"13":{"loc":{"start":{"line":117,"column":16},"end":{"line":117,"column":60}},"type":"binary-expr","locations":[{"start":{"line":117,"column":16},"end":{"line":117,"column":41}},{"start":{"line":117,"column":45},"end":{"line":117,"column":60}}],"line":117},"14":{"loc":{"start":{"line":118,"column":16},"end":{"line":122,"column":17}},"type":"if","locations":[{"start":{"line":118,"column":16},"end":{"line":122,"column":17}},{"start":{},"end":{}}],"line":118},"15":{"loc":{"start":{"line":119,"column":20},"end":{"line":119,"column":47}},"type":"if","locations":[{"start":{"line":119,"column":20},"end":{"line":119,"column":47}},{"start":{},"end":{}}],"line":119},"16":{"loc":{"start":{"line":123,"column":16},"end":{"line":126,"column":17}},"type":"if","locations":[{"start":{"line":123,"column":16},"end":{"line":126,"column":17}},{"start":{},"end":{}}],"line":123},"17":{"loc":{"start":{"line":129,"column":12},"end":{"line":134,"column":13}},"type":"if","locations":[{"start":{"line":129,"column":12},"end":{"line":134,"column":13}},{"start":{},"end":{}}],"line":129},"18":{"loc":{"start":{"line":130,"column":16},"end":{"line":132,"column":17}},"type":"if","locations":[{"start":{"line":130,"column":16},"end":{"line":132,"column":17}},{"start":{},"end":{}}],"line":130},"19":{"loc":{"start":{"line":136,"column":12},"end":{"line":141,"column":13}},"type":"if","locations":[{"start":{"line":136,"column":12},"end":{"line":141,"column":13}},{"start":{},"end":{}}],"line":136},"20":{"loc":{"start":{"line":137,"column":28},"end":{"line":137,"column":88}},"type":"cond-expr","locations":[{"start":{"line":137,"column":48},"end":{"line":137,"column":76}},{"start":{"line":137,"column":79},"end":{"line":137,"column":88}}],"line":137},"21":{"loc":{"start":{"line":138,"column":16},"end":{"line":138,"column":65}},"type":"if","locations":[{"start":{"line":138,"column":16},"end":{"line":138,"column":65}},{"start":{},"end":{}}],"line":138},"22":{"loc":{"start":{"line":143,"column":29},"end":{"line":143,"column":188}},"type":"cond-expr","locations":[{"start":{"line":143,"column":78},"end":{"line":143,"column":126}},{"start":{"line":143,"column":129},"end":{"line":143,"column":188}}],"line":143},"23":{"loc":{"start":{"line":143,"column":30},"end":{"line":143,"column":74}},"type":"binary-expr","locations":[{"start":{"line":143,"column":30},"end":{"line":143,"column":55}},{"start":{"line":143,"column":59},"end":{"line":143,"column":74}}],"line":143},"24":{"loc":{"start":{"line":239,"column":12},"end":{"line":244,"column":13}},"type":"if","locations":[{"start":{"line":239,"column":12},"end":{"line":244,"column":13}},{"start":{"line":242,"column":19},"end":{"line":244,"column":13}}],"line":239},"25":{"loc":{"start":{"line":247,"column":12},"end":{"line":252,"column":13}},"type":"if","locations":[{"start":{"line":247,"column":12},"end":{"line":252,"column":13}},{"start":{"line":249,"column":19},"end":{"line":252,"column":13}}],"line":247},"26":{"loc":{"start":{"line":247,"column":16},"end":{"line":247,"column":69}},"type":"binary-expr","locations":[{"start":{"line":247,"column":16},"end":{"line":247,"column":33}},{"start":{"line":247,"column":37},"end":{"line":247,"column":69}}],"line":247},"27":{"loc":{"start":{"line":249,"column":19},"end":{"line":252,"column":13}},"type":"if","locations":[{"start":{"line":249,"column":19},"end":{"line":252,"column":13}},{"start":{},"end":{}}],"line":249},"28":{"loc":{"start":{"line":251,"column":16},"end":{"line":251,"column":74}},"type":"if","locations":[{"start":{"line":251,"column":16},"end":{"line":251,"column":74}},{"start":{},"end":{}}],"line":251},"29":{"loc":{"start":{"line":256,"column":16},"end":{"line":259,"column":17}},"type":"if","locations":[{"start":{"line":256,"column":16},"end":{"line":259,"column":17}},{"start":{},"end":{}}],"line":256},"30":{"loc":{"start":{"line":264,"column":20},"end":{"line":269,"column":21}},"type":"if","locations":[{"start":{"line":264,"column":20},"end":{"line":269,"column":21}},{"start":{},"end":{}}],"line":264},"31":{"loc":{"start":{"line":264,"column":24},"end":{"line":264,"column":67}},"type":"binary-expr","locations":[{"start":{"line":264,"column":24},"end":{"line":264,"column":43}},{"start":{"line":264,"column":47},"end":{"line":264,"column":67}}],"line":264},"32":{"loc":{"start":{"line":271,"column":20},"end":{"line":274,"column":21}},"type":"if","locations":[{"start":{"line":271,"column":20},"end":{"line":274,"column":21}},{"start":{},"end":{}}],"line":271},"33":{"loc":{"start":{"line":271,"column":24},"end":{"line":271,"column":72}},"type":"binary-expr","locations":[{"start":{"line":271,"column":24},"end":{"line":271,"column":29}},{"start":{"line":271,"column":33},"end":{"line":271,"column":72}}],"line":271},"34":{"loc":{"start":{"line":276,"column":20},"end":{"line":280,"column":21}},"type":"if","locations":[{"start":{"line":276,"column":20},"end":{"line":280,"column":21}},{"start":{"line":278,"column":27},"end":{"line":280,"column":21}}],"line":276},"35":{"loc":{"start":{"line":284,"column":16},"end":{"line":286,"column":17}},"type":"if","locations":[{"start":{"line":284,"column":16},"end":{"line":286,"column":17}},{"start":{},"end":{}}],"line":284},"36":{"loc":{"start":{"line":307,"column":12},"end":{"line":310,"column":13}},"type":"if","locations":[{"start":{"line":307,"column":12},"end":{"line":310,"column":13}},{"start":{},"end":{}}],"line":307},"37":{"loc":{"start":{"line":307,"column":16},"end":{"line":307,"column":55}},"type":"binary-expr","locations":[{"start":{"line":307,"column":16},"end":{"line":307,"column":28}},{"start":{"line":307,"column":32},"end":{"line":307,"column":55}}],"line":307},"38":{"loc":{"start":{"line":314,"column":22},"end":{"line":314,"column":64}},"type":"cond-expr","locations":[{"start":{"line":314,"column":32},"end":{"line":314,"column":47}},{"start":{"line":314,"column":50},"end":{"line":314,"column":64}}],"line":314},"39":{"loc":{"start":{"line":318,"column":12},"end":{"line":323,"column":13}},"type":"if","locations":[{"start":{"line":318,"column":12},"end":{"line":323,"column":13}},{"start":{"line":320,"column":19},"end":{"line":323,"column":13}}],"line":318},"40":{"loc":{"start":{"line":318,"column":16},"end":{"line":318,"column":69}},"type":"binary-expr","locations":[{"start":{"line":318,"column":16},"end":{"line":318,"column":33}},{"start":{"line":318,"column":37},"end":{"line":318,"column":69}}],"line":318},"41":{"loc":{"start":{"line":320,"column":19},"end":{"line":323,"column":13}},"type":"if","locations":[{"start":{"line":320,"column":19},"end":{"line":323,"column":13}},{"start":{},"end":{}}],"line":320},"42":{"loc":{"start":{"line":322,"column":16},"end":{"line":322,"column":74}},"type":"if","locations":[{"start":{"line":322,"column":16},"end":{"line":322,"column":74}},{"start":{},"end":{}}],"line":322},"43":{"loc":{"start":{"line":342,"column":12},"end":{"line":345,"column":13}},"type":"if","locations":[{"start":{"line":342,"column":12},"end":{"line":345,"column":13}},{"start":{},"end":{}}],"line":342},"44":{"loc":{"start":{"line":352,"column":12},"end":{"line":357,"column":13}},"type":"if","locations":[{"start":{"line":352,"column":12},"end":{"line":357,"column":13}},{"start":{"line":354,"column":19},"end":{"line":357,"column":13}}],"line":352},"45":{"loc":{"start":{"line":352,"column":16},"end":{"line":352,"column":69}},"type":"binary-expr","locations":[{"start":{"line":352,"column":16},"end":{"line":352,"column":33}},{"start":{"line":352,"column":37},"end":{"line":352,"column":69}}],"line":352},"46":{"loc":{"start":{"line":354,"column":19},"end":{"line":357,"column":13}},"type":"if","locations":[{"start":{"line":354,"column":19},"end":{"line":357,"column":13}},{"start":{},"end":{}}],"line":354},"47":{"loc":{"start":{"line":356,"column":16},"end":{"line":356,"column":74}},"type":"if","locations":[{"start":{"line":356,"column":16},"end":{"line":356,"column":74}},{"start":{},"end":{}}],"line":356},"48":{"loc":{"start":{"line":376,"column":12},"end":{"line":379,"column":13}},"type":"if","locations":[{"start":{"line":376,"column":12},"end":{"line":379,"column":13}},{"start":{},"end":{}}],"line":376},"49":{"loc":{"start":{"line":376,"column":16},"end":{"line":376,"column":55}},"type":"binary-expr","locations":[{"start":{"line":376,"column":16},"end":{"line":376,"column":28}},{"start":{"line":376,"column":32},"end":{"line":376,"column":55}}],"line":376},"50":{"loc":{"start":{"line":383,"column":22},"end":{"line":383,"column":64}},"type":"cond-expr","locations":[{"start":{"line":383,"column":32},"end":{"line":383,"column":47}},{"start":{"line":383,"column":50},"end":{"line":383,"column":64}}],"line":383},"51":{"loc":{"start":{"line":384,"column":12},"end":{"line":399,"column":13}},"type":"if","locations":[{"start":{"line":384,"column":12},"end":{"line":399,"column":13}},{"start":{},"end":{}}],"line":384},"52":{"loc":{"start":{"line":389,"column":16},"end":{"line":394,"column":17}},"type":"if","locations":[{"start":{"line":389,"column":16},"end":{"line":394,"column":17}},{"start":{"line":391,"column":23},"end":{"line":394,"column":17}}],"line":389},"53":{"loc":{"start":{"line":389,"column":20},"end":{"line":389,"column":73}},"type":"binary-expr","locations":[{"start":{"line":389,"column":20},"end":{"line":389,"column":37}},{"start":{"line":389,"column":41},"end":{"line":389,"column":73}}],"line":389},"54":{"loc":{"start":{"line":391,"column":23},"end":{"line":394,"column":17}},"type":"if","locations":[{"start":{"line":391,"column":23},"end":{"line":394,"column":17}},{"start":{},"end":{}}],"line":391},"55":{"loc":{"start":{"line":393,"column":20},"end":{"line":393,"column":78}},"type":"if","locations":[{"start":{"line":393,"column":20},"end":{"line":393,"column":78}},{"start":{},"end":{}}],"line":393},"56":{"loc":{"start":{"line":414,"column":12},"end":{"line":417,"column":13}},"type":"if","locations":[{"start":{"line":414,"column":12},"end":{"line":417,"column":13}},{"start":{},"end":{}}],"line":414},"57":{"loc":{"start":{"line":414,"column":16},"end":{"line":414,"column":55}},"type":"binary-expr","locations":[{"start":{"line":414,"column":16},"end":{"line":414,"column":28}},{"start":{"line":414,"column":32},"end":{"line":414,"column":55}}],"line":414},"58":{"loc":{"start":{"line":422,"column":12},"end":{"line":427,"column":13}},"type":"if","locations":[{"start":{"line":422,"column":12},"end":{"line":427,"column":13}},{"start":{"line":424,"column":19},"end":{"line":427,"column":13}}],"line":422},"59":{"loc":{"start":{"line":422,"column":16},"end":{"line":422,"column":69}},"type":"binary-expr","locations":[{"start":{"line":422,"column":16},"end":{"line":422,"column":33}},{"start":{"line":422,"column":37},"end":{"line":422,"column":69}}],"line":422},"60":{"loc":{"start":{"line":424,"column":19},"end":{"line":427,"column":13}},"type":"if","locations":[{"start":{"line":424,"column":19},"end":{"line":427,"column":13}},{"start":{},"end":{}}],"line":424},"61":{"loc":{"start":{"line":426,"column":16},"end":{"line":426,"column":74}},"type":"if","locations":[{"start":{"line":426,"column":16},"end":{"line":426,"column":74}},{"start":{},"end":{}}],"line":426},"62":{"loc":{"start":{"line":451,"column":12},"end":{"line":456,"column":13}},"type":"if","locations":[{"start":{"line":451,"column":12},"end":{"line":456,"column":13}},{"start":{},"end":{}}],"line":451}},"s":{"0":0,"1":0,"2":0,"3":0,"4":0,"5":0,"6":0,"7":0,"8":0,"9":0,"10":0,"11":0,"12":0,"13":0,"14":0,"15":0,"16":0,"17":0,"18":0,"19":0,"20":0,"21":0,"22":0,"23":0,"24":0,"25":0,"26":0,"27":0,"28":0,"29":0,"30":0,"31":0,"32":0,"33":0,"34":0,"35":0,"36":0,"37":0,"38":0,"39":0,"40":0,"41":0,"42":0,"43":0,"44":0,"45":0,"46":0,"47":0,"48":0,"49":0,"50":0,"51":0,"52":0,"53":0,"54":0,"55":0,"56":0,"57":0,"58":0,"59":0,"60":0,"61":0,"62":0,"63":0,"64":0,"65":0,"66":0,"67":0,"68":0,"69":0,"70":0,"71":0,"72":0,"73":0,"74":0,"75":0,"76":0,"77":0,"78":0,"79":0,"80":0,"81":0,"82":0,"83":0,"84":0,"85":0,"86":0,"87":0,"88":0,"89":0,"90":0,"91":0,"92":0,"93":0,"94":0,"95":0,"96":0,"97":0,"98":0,"99":0,"100":0,"101":0,"102":0,"103":0,"104":0,"105":0,"106":0,"107":0,"108":0,"109":0,"110":0,"111":0,"112":0,"113":0,"114":0,"115":0,"116":0,"117":0,"118":0,"119":0,"120":0,"121":0,"122":0,"123":0,"124":0,"125":0,"126":0,"127":0,"128":0,"129":0,"130":0,"131":0,"132":0,"133":0,"134":0,"135":0,"136":0,"137":0,"138":0,"139":0,"140":0,"141":0,"142":0,"143":0,"144":0,"145":0,"146":0,"147":0,"148":0,"149":0,"150":0,"151":0,"152":0,"153":0,"154":0,"155":0,"156":0,"157":0,"158":0,"159":0,"160":0,"161":0,"162":0,"163":0,"164":0,"165":0,"166":0,"167":0,"168":0,"169":0,"170":0,"171":0,"172":0,"173":0},"f":{"0":0,"1":0,"2":0,"3":0,"4":0,"5":0,"6":0,"7":0,"8":0,"9":0,"10":0,"11":0,"12":0,"13":0,"14":0,"15":0,"16":0,"17":0,"18":0,"19":0,"20":0},"b":{"0":[0,0],"1":[0,0],"2":[0,0],"3":[0,0],"4":[0,0],"5":[0,0,0],"6":[0,0],"7":[0,0],"8":[0,0],"9":[0,0],"10":[0,0],"11":[0,0],"12":[0,0],"13":[0,0],"14":[0,0],"15":[0,0],"16":[0,0],"17":[0,0],"18":[0,0],"19":[0,0],"20":[0,0],"21":[0,0],"22":[0,0],"23":[0,0],"24":[0,0],"25":[0,0],"26":[0,0],"27":[0,0],"28":[0,0],"29":[0,0],"30":[0,0],"31":[0,0],"32":[0,0],"33":[0,0],"34":[0,0],"35":[0,0],"36":[0,0],"37":[0,0],"38":[0,0],"39":[0,0],"40":[0,0],"41":[0,0],"42":[0,0],"43":[0,0],"44":[0,0],"45":[0,0],"46":[0,0],"47":[0,0],"48":[0,0],"49":[0,0],"50":[0,0],"51":[0,0],"52":[0,0],"53":[0,0],"54":[0,0],"55":[0,0],"56":[0,0],"57":[0,0],"58":[0,0],"59":[0,0],"60":[0,0],"61":[0,0],"62":[0,0]}}
}
