{"/Users/mohn/Generals/Void/Contributions/musicblocks/js/trash.js": {"path":"/Users/mohn/Generals/Void/Contributions/musicblocks/js/trash.js","statementMap":{"0":{"start":{"line":22,"column":24},"end":{"line":22,"column":27}},"1":{"start":{"line":23,"column":25},"end":{"line":23,"column":28}},"2":{"start":{"line":29,"column":8},"end":{"line":29,"column":33}},"3":{"start":{"line":30,"column":8},"end":{"line":30,"column":31}},"4":{"start":{"line":31,"column":8},"end":{"line":31,"column":24}},"5":{"start":{"line":32,"column":8},"end":{"line":32,"column":28}},"6":{"start":{"line":33,"column":8},"end":{"line":33,"column":51}},"7":{"start":{"line":34,"column":8},"end":{"line":34,"column":43}},"8":{"start":{"line":35,"column":8},"end":{"line":35,"column":45}},"9":{"start":{"line":36,"column":8},"end":{"line":36,"column":34}},"10":{"start":{"line":37,"column":8},"end":{"line":37,"column":39}},"11":{"start":{"line":38,"column":8},"end":{"line":38,"column":35}},"12":{"start":{"line":39,"column":8},"end":{"line":39,"column":33}},"13":{"start":{"line":40,"column":8},"end":{"line":40,"column":33}},"14":{"start":{"line":42,"column":8},"end":{"line":42,"column":63}},"15":{"start":{"line":43,"column":8},"end":{"line":43,"column":71}},"16":{"start":{"line":44,"column":8},"end":{"line":44,"column":28}},"17":{"start":{"line":45,"column":8},"end":{"line":45,"column":26}},"18":{"start":{"line":54,"column":20},"end":{"line":54,"column":31}},"19":{"start":{"line":56,"column":8},"end":{"line":69,"column":10}},"20":{"start":{"line":57,"column":12},"end":{"line":57,"column":67}},"21":{"start":{"line":58,"column":12},"end":{"line":58,"column":89}},"22":{"start":{"line":59,"column":12},"end":{"line":59,"column":89}},"23":{"start":{"line":60,"column":12},"end":{"line":65,"column":13}},"24":{"start":{"line":61,"column":16},"end":{"line":61,"column":48}},"25":{"start":{"line":62,"column":16},"end":{"line":62,"column":52}},"26":{"start":{"line":64,"column":16},"end":{"line":64,"column":83}},"27":{"start":{"line":67,"column":12},"end":{"line":67,"column":66}},"28":{"start":{"line":68,"column":12},"end":{"line":68,"column":55}},"29":{"start":{"line":72,"column":12},"end":{"line":78,"column":15}},"30":{"start":{"line":79,"column":8},"end":{"line":82,"column":9}},"31":{"start":{"line":81,"column":12},"end":{"line":81,"column":56}},"32":{"start":{"line":84,"column":8},"end":{"line":88,"column":14}},"33":{"start":{"line":96,"column":20},"end":{"line":96,"column":31}},"34":{"start":{"line":98,"column":8},"end":{"line":104,"column":10}},"35":{"start":{"line":99,"column":27},"end":{"line":99,"column":51}},"36":{"start":{"line":100,"column":12},"end":{"line":100,"column":68}},"37":{"start":{"line":101,"column":12},"end":{"line":101,"column":68}},"38":{"start":{"line":102,"column":12},"end":{"line":102,"column":45}},"39":{"start":{"line":103,"column":12},"end":{"line":103,"column":45}},"40":{"start":{"line":106,"column":8},"end":{"line":110,"column":14}},"41":{"start":{"line":118,"column":20},"end":{"line":118,"column":31}},"42":{"start":{"line":120,"column":8},"end":{"line":129,"column":10}},"43":{"start":{"line":121,"column":27},"end":{"line":121,"column":51}},"44":{"start":{"line":122,"column":12},"end":{"line":122,"column":45}},"45":{"start":{"line":123,"column":12},"end":{"line":123,"column":54}},"46":{"start":{"line":124,"column":12},"end":{"line":124,"column":68}},"47":{"start":{"line":125,"column":12},"end":{"line":125,"column":68}},"48":{"start":{"line":126,"column":12},"end":{"line":126,"column":92}},"49":{"start":{"line":127,"column":12},"end":{"line":127,"column":93}},"50":{"start":{"line":128,"column":12},"end":{"line":128,"column":31}},"51":{"start":{"line":131,"column":8},"end":{"line":135,"column":14}},"52":{"start":{"line":144,"column":8},"end":{"line":145,"column":87}},"53":{"start":{"line":146,"column":8},"end":{"line":147,"column":95}},"54":{"start":{"line":151,"column":8},"end":{"line":151,"column":81}},"55":{"start":{"line":155,"column":8},"end":{"line":155,"column":28}},"56":{"start":{"line":156,"column":8},"end":{"line":156,"column":39}},"57":{"start":{"line":158,"column":21},"end":{"line":158,"column":25}},"58":{"start":{"line":162,"column":29},"end":{"line":162,"column":88}},"59":{"start":{"line":163,"column":30},"end":{"line":163,"column":85}},"60":{"start":{"line":165,"column":12},"end":{"line":167,"column":13}},"61":{"start":{"line":166,"column":16},"end":{"line":166,"column":47}},"62":{"start":{"line":170,"column":8},"end":{"line":173,"column":11}},"63":{"start":{"line":171,"column":12},"end":{"line":171,"column":40}},"64":{"start":{"line":172,"column":12},"end":{"line":172,"column":59}},"65":{"start":{"line":181,"column":8},"end":{"line":181,"column":90}},"66":{"start":{"line":189,"column":8},"end":{"line":189,"column":38}},"67":{"start":{"line":190,"column":8},"end":{"line":192,"column":37}},"68":{"start":{"line":200,"column":8},"end":{"line":202,"column":9}},"69":{"start":{"line":201,"column":12},"end":{"line":201,"column":19}},"70":{"start":{"line":204,"column":8},"end":{"line":204,"column":33}},"71":{"start":{"line":206,"column":8},"end":{"line":222,"column":15}},"72":{"start":{"line":207,"column":12},"end":{"line":207,"column":39}},"73":{"start":{"line":208,"column":12},"end":{"line":214,"column":13}},"74":{"start":{"line":209,"column":16},"end":{"line":209,"column":38}},"75":{"start":{"line":210,"column":16},"end":{"line":210,"column":48}},"76":{"start":{"line":211,"column":16},"end":{"line":211,"column":46}},"77":{"start":{"line":212,"column":16},"end":{"line":212,"column":55}},"78":{"start":{"line":213,"column":16},"end":{"line":213,"column":23}},"79":{"start":{"line":216,"column":12},"end":{"line":219,"column":14}},"80":{"start":{"line":220,"column":12},"end":{"line":220,"column":45}},"81":{"start":{"line":221,"column":12},"end":{"line":221,"column":42}},"82":{"start":{"line":224,"column":8},"end":{"line":224,"column":46}},"83":{"start":{"line":232,"column":8},"end":{"line":234,"column":9}},"84":{"start":{"line":233,"column":12},"end":{"line":233,"column":19}},"85":{"start":{"line":236,"column":8},"end":{"line":236,"column":47}},"86":{"start":{"line":237,"column":8},"end":{"line":237,"column":34}},"87":{"start":{"line":238,"column":8},"end":{"line":238,"column":31}},"88":{"start":{"line":239,"column":8},"end":{"line":239,"column":33}},"89":{"start":{"line":240,"column":8},"end":{"line":240,"column":35}},"90":{"start":{"line":241,"column":8},"end":{"line":241,"column":41}},"91":{"start":{"line":242,"column":8},"end":{"line":242,"column":47}},"92":{"start":{"line":250,"column":8},"end":{"line":250,"column":54}},"93":{"start":{"line":251,"column":8},"end":{"line":251,"column":52}},"94":{"start":{"line":252,"column":8},"end":{"line":252,"column":39}},"95":{"start":{"line":253,"column":8},"end":{"line":253,"column":38}},"96":{"start":{"line":263,"column":19},"end":{"line":263,"column":36}},"97":{"start":{"line":264,"column":19},"end":{"line":264,"column":36}},"98":{"start":{"line":266,"column":8},"end":{"line":270,"column":9}},"99":{"start":{"line":267,"column":12},"end":{"line":267,"column":25}},"100":{"start":{"line":268,"column":15},"end":{"line":270,"column":9}},"101":{"start":{"line":269,"column":12},"end":{"line":269,"column":25}},"102":{"start":{"line":272,"column":8},"end":{"line":274,"column":9}},"103":{"start":{"line":273,"column":12},"end":{"line":273,"column":25}},"104":{"start":{"line":276,"column":8},"end":{"line":276,"column":20}},"105":{"start":{"line":279,"column":0},"end":{"line":281,"column":1}},"106":{"start":{"line":280,"column":4},"end":{"line":280,"column":30}}},"fnMap":{"0":{"name":"(anonymous_0)","decl":{"start":{"line":28,"column":4},"end":{"line":28,"column":5}},"loc":{"start":{"line":28,"column":26},"end":{"line":46,"column":5}},"line":28},"1":{"name":"(anonymous_1)","decl":{"start":{"line":53,"column":4},"end":{"line":53,"column":5}},"loc":{"start":{"line":53,"column":35},"end":{"line":89,"column":5}},"line":53},"2":{"name":"(anonymous_2)","decl":{"start":{"line":56,"column":21},"end":{"line":56,"column":22}},"loc":{"start":{"line":56,"column":27},"end":{"line":69,"column":9}},"line":56},"3":{"name":"(anonymous_3)","decl":{"start":{"line":95,"column":4},"end":{"line":95,"column":5}},"loc":{"start":{"line":95,"column":18},"end":{"line":111,"column":5}},"line":95},"4":{"name":"(anonymous_4)","decl":{"start":{"line":98,"column":21},"end":{"line":98,"column":22}},"loc":{"start":{"line":98,"column":27},"end":{"line":104,"column":9}},"line":98},"5":{"name":"(anonymous_5)","decl":{"start":{"line":117,"column":4},"end":{"line":117,"column":5}},"loc":{"start":{"line":117,"column":17},"end":{"line":136,"column":5}},"line":117},"6":{"name":"(anonymous_6)","decl":{"start":{"line":120,"column":21},"end":{"line":120,"column":22}},"loc":{"start":{"line":120,"column":27},"end":{"line":129,"column":9}},"line":120},"7":{"name":"(anonymous_7)","decl":{"start":{"line":143,"column":4},"end":{"line":143,"column":5}},"loc":{"start":{"line":143,"column":30},"end":{"line":148,"column":5}},"line":143},"8":{"name":"(anonymous_8)","decl":{"start":{"line":150,"column":4},"end":{"line":150,"column":5}},"loc":{"start":{"line":150,"column":38},"end":{"line":152,"column":5}},"line":150},"9":{"name":"(anonymous_9)","decl":{"start":{"line":154,"column":4},"end":{"line":154,"column":5}},"loc":{"start":{"line":154,"column":23},"end":{"line":174,"column":5}},"line":154},"10":{"name":"delayedResize","decl":{"start":{"line":161,"column":17},"end":{"line":161,"column":30}},"loc":{"start":{"line":161,"column":33},"end":{"line":168,"column":9}},"line":161},"11":{"name":"(anonymous_11)","decl":{"start":{"line":170,"column":42},"end":{"line":170,"column":43}},"loc":{"start":{"line":170,"column":54},"end":{"line":173,"column":9}},"line":170},"12":{"name":"(anonymous_12)","decl":{"start":{"line":180,"column":4},"end":{"line":180,"column":5}},"loc":{"start":{"line":180,"column":11},"end":{"line":182,"column":5}},"line":180},"13":{"name":"(anonymous_13)","decl":{"start":{"line":188,"column":4},"end":{"line":188,"column":5}},"loc":{"start":{"line":188,"column":11},"end":{"line":193,"column":5}},"line":188},"14":{"name":"(anonymous_14)","decl":{"start":{"line":199,"column":4},"end":{"line":199,"column":5}},"loc":{"start":{"line":199,"column":30},"end":{"line":225,"column":5}},"line":199},"15":{"name":"(anonymous_15)","decl":{"start":{"line":206,"column":46},"end":{"line":206,"column":47}},"loc":{"start":{"line":206,"column":52},"end":{"line":222,"column":9}},"line":206},"16":{"name":"(anonymous_16)","decl":{"start":{"line":231,"column":4},"end":{"line":231,"column":5}},"loc":{"start":{"line":231,"column":29},"end":{"line":243,"column":5}},"line":231},"17":{"name":"(anonymous_17)","decl":{"start":{"line":249,"column":4},"end":{"line":249,"column":5}},"loc":{"start":{"line":249,"column":37},"end":{"line":254,"column":5}},"line":249},"18":{"name":"(anonymous_18)","decl":{"start":{"line":262,"column":4},"end":{"line":262,"column":5}},"loc":{"start":{"line":262,"column":23},"end":{"line":277,"column":5}},"line":262}},"branchMap":{"0":{"loc":{"start":{"line":60,"column":12},"end":{"line":65,"column":13}},"type":"if","locations":[{"start":{"line":60,"column":12},"end":{"line":65,"column":13}},{"start":{"line":63,"column":19},"end":{"line":65,"column":13}}],"line":60},"1":{"loc":{"start":{"line":79,"column":8},"end":{"line":82,"column":9}},"type":"if","locations":[{"start":{"line":79,"column":8},"end":{"line":82,"column":9}},{"start":{},"end":{}}],"line":79},"2":{"loc":{"start":{"line":151,"column":15},"end":{"line":151,"column":80}},"type":"binary-expr","locations":[{"start":{"line":151,"column":15},"end":{"line":151,"column":45}},{"start":{"line":151,"column":49},"end":{"line":151,"column":80}}],"line":151},"3":{"loc":{"start":{"line":165,"column":12},"end":{"line":167,"column":13}},"type":"if","locations":[{"start":{"line":165,"column":12},"end":{"line":167,"column":13}},{"start":{},"end":{}}],"line":165},"4":{"loc":{"start":{"line":200,"column":8},"end":{"line":202,"column":9}},"type":"if","locations":[{"start":{"line":200,"column":8},"end":{"line":202,"column":9}},{"start":{},"end":{}}],"line":200},"5":{"loc":{"start":{"line":208,"column":12},"end":{"line":214,"column":13}},"type":"if","locations":[{"start":{"line":208,"column":12},"end":{"line":214,"column":13}},{"start":{},"end":{}}],"line":208},"6":{"loc":{"start":{"line":232,"column":8},"end":{"line":234,"column":9}},"type":"if","locations":[{"start":{"line":232,"column":8},"end":{"line":234,"column":9}},{"start":{},"end":{}}],"line":232},"7":{"loc":{"start":{"line":266,"column":8},"end":{"line":270,"column":9}},"type":"if","locations":[{"start":{"line":266,"column":8},"end":{"line":270,"column":9}},{"start":{"line":268,"column":15},"end":{"line":270,"column":9}}],"line":266},"8":{"loc":{"start":{"line":268,"column":15},"end":{"line":270,"column":9}},"type":"if","locations":[{"start":{"line":268,"column":15},"end":{"line":270,"column":9}},{"start":{},"end":{}}],"line":268},"9":{"loc":{"start":{"line":272,"column":8},"end":{"line":274,"column":9}},"type":"if","locations":[{"start":{"line":272,"column":8},"end":{"line":274,"column":9}},{"start":{},"end":{}}],"line":272},"10":{"loc":{"start":{"line":279,"column":0},"end":{"line":281,"column":1}},"type":"if","locations":[{"start":{"line":279,"column":0},"end":{"line":281,"column":1}},{"start":{},"end":{}}],"line":279},"11":{"loc":{"start":{"line":279,"column":4},"end":{"line":279,"column":51}},"type":"binary-expr","locations":[{"start":{"line":279,"column":4},"end":{"line":279,"column":33}},{"start":{"line":279,"column":37},"end":{"line":279,"column":51}}],"line":279}},"s":{"0":1,"1":1,"2":9,"3":9,"4":9,"5":9,"6":9,"7":9,"8":9,"9":9,"10":9,"11":9,"12":9,"13":9,"14":9,"15":9,"16":9,"17":9,"18":34,"19":34,"20":34,"21":34,"22":34,"23":34,"24":9,"25":9,"26":25,"27":34,"28":34,"29":34,"30":34,"31":1,"32":34,"33":9,"34":9,"35":9,"36":9,"37":9,"38":9,"39":9,"40":9,"41":9,"42":9,"43":9,"44":9,"45":9,"46":9,"47":9,"48":9,"49":9,"50":9,"51":9,"52":11,"53":11,"54":3,"55":10,"56":10,"57":10,"58":1,"59":1,"60":1,"61":1,"62":10,"63":1,"64":1,"65":1,"66":1,"67":1,"68":2,"69":1,"70":1,"71":1,"72":25,"73":25,"74":1,"75":1,"76":1,"77":1,"78":1,"79":24,"80":24,"81":24,"82":1,"83":1,"84":1,"85":0,"86":0,"87":0,"88":0,"89":0,"90":0,"91":0,"92":3,"93":3,"94":3,"95":3,"96":4,"97":4,"98":4,"99":1,"100":3,"101":1,"102":2,"103":1,"104":1,"105":1,"106":1},"f":{"0":9,"1":34,"2":34,"3":9,"4":9,"5":9,"6":9,"7":11,"8":3,"9":10,"10":1,"11":1,"12":1,"13":1,"14":2,"15":25,"16":1,"17":3,"18":4},"b":{"0":[9,25],"1":[1,33],"2":[3,1],"3":[1,0],"4":[1,1],"5":[1,24],"6":[1,0],"7":[1,3],"8":[1,2],"9":[1,1],"10":[1,0],"11":[1,1]},"_coverageSchema":"1a1c01bbd47fc00a2c39e90264f33305004495a9","hash":"fe244c0376238f545d8aca5e8689e83648a55a6b"}
}
