TN:
SF:js/turtleactions/IntervalsActions.js
FN:48,setupIntervalsActions
FN:57,(anonymous_1)
FN:74,(anonymous_2)
FN:99,(anonymous_3)
FN:157,(anonymous_4)
FN:182,(anonymous_5)
FN:194,(anonymous_6)
FN:206,(anonymous_7)
FN:219,(anonymous_8)
FN:233,(anonymous_9)
FN:254,(anonymous_10)
FN:261,(anonymous_11)
FN:305,(anonymous_12)
FN:325,(anonymous_13)
FN:340,(anonymous_14)
FN:359,(anonymous_15)
FN:374,(anonymous_16)
FN:396,(anonymous_17)
FN:412,(anonymous_18)
FN:429,(anonymous_19)
FN:444,(anonymous_20)
FNF:21
FNH:0
FNDA:0,setupIntervalsActions
FNDA:0,(anonymous_1)
FNDA:0,(anonymous_2)
FNDA:0,(anonymous_3)
FNDA:0,(anonymous_4)
FNDA:0,(anonymous_5)
FNDA:0,(anonymous_6)
FNDA:0,(anonymous_7)
FNDA:0,(anonymous_8)
FNDA:0,(anonymous_9)
FNDA:0,(anonymous_10)
FNDA:0,(anonymous_11)
FNDA:0,(anonymous_12)
FNDA:0,(anonymous_13)
FNDA:0,(anonymous_14)
FNDA:0,(anonymous_15)
FNDA:0,(anonymous_16)
FNDA:0,(anonymous_17)
FNDA:0,(anonymous_18)
FNDA:0,(anonymous_19)
FNDA:0,(anonymous_20)
DA:49,0
DA:58,0
DA:59,0
DA:60,0
DA:61,0
DA:62,0
DA:66,0
DA:75,0
DA:76,0
DA:77,0
DA:79,0
DA:81,0
DA:83,0
DA:85,0
DA:86,0
DA:87,0
DA:90,0
DA:100,0
DA:102,0
DA:104,0
DA:105,0
DA:106,0
DA:107,0
DA:109,0
DA:111,0
DA:113,0
DA:114,0
DA:116,0
DA:117,0
DA:118,0
DA:119,0
DA:120,0
DA:121,0
DA:123,0
DA:124,0
DA:125,0
DA:129,0
DA:130,0
DA:131,0
DA:133,0
DA:136,0
DA:137,0
DA:138,0
DA:139,0
DA:140,0
DA:143,0
DA:144,0
DA:158,0
DA:159,0
DA:160,0
DA:170,0
DA:171,0
DA:183,0
DA:195,0
DA:207,0
DA:220,0
DA:234,0
DA:236,0
DA:237,0
DA:239,0
DA:240,0
DA:241,0
DA:243,0
DA:246,0
DA:247,0
DA:248,0
DA:249,0
DA:250,0
DA:251,0
DA:254,0
DA:255,0
DA:256,0
DA:257,0
DA:258,0
DA:261,0
DA:263,0
DA:264,0
DA:265,0
DA:268,0
DA:271,0
DA:272,0
DA:273,0
DA:276,0
DA:277,0
DA:279,0
DA:283,0
DA:284,0
DA:285,0
DA:288,0
DA:291,0
DA:306,0
DA:307,0
DA:308,0
DA:309,0
DA:312,0
DA:314,0
DA:315,0
DA:317,0
DA:318,0
DA:319,0
DA:320,0
DA:321,0
DA:322,0
DA:325,0
DA:327,0
DA:341,0
DA:342,0
DA:343,0
DA:344,0
DA:347,0
DA:349,0
DA:351,0
DA:352,0
DA:353,0
DA:354,0
DA:355,0
DA:356,0
DA:359,0
DA:361,0
DA:375,0
DA:376,0
DA:377,0
DA:378,0
DA:381,0
DA:383,0
DA:384,0
DA:385,0
DA:386,0
DA:388,0
DA:389,0
DA:390,0
DA:391,0
DA:392,0
DA:393,0
DA:396,0
DA:398,0
DA:413,0
DA:414,0
DA:415,0
DA:416,0
DA:419,0
DA:420,0
DA:421,0
DA:422,0
DA:423,0
DA:424,0
DA:425,0
DA:426,0
DA:429,0
DA:431,0
DA:445,0
DA:446,0
DA:448,0
DA:449,0
DA:451,0
DA:455,0
LF:156
LH:0
BRDA:60,0,0,0
BRDA:60,0,1,0
BRDA:60,1,0,0
BRDA:60,1,1,0
BRDA:79,2,0,0
BRDA:79,2,1,0
BRDA:79,3,0,0
BRDA:79,3,1,0
BRDA:81,4,0,0
BRDA:81,4,1,0
BRDA:81,5,0,0
BRDA:81,5,1,0
BRDA:81,5,2,0
BRDA:83,6,0,0
BRDA:83,6,1,0
BRDA:83,7,0,0
BRDA:83,7,1,0
BRDA:109,8,0,0
BRDA:109,8,1,0
BRDA:109,9,0,0
BRDA:109,9,1,0
BRDA:114,10,0,0
BRDA:114,10,1,0
BRDA:116,11,0,0
BRDA:116,11,1,0
BRDA:117,12,0,0
BRDA:117,12,1,0
BRDA:117,13,0,0
BRDA:117,13,1,0
BRDA:118,14,0,0
BRDA:118,14,1,0
BRDA:119,15,0,0
BRDA:119,15,1,0
BRDA:123,16,0,0
BRDA:123,16,1,0
BRDA:129,17,0,0
BRDA:129,17,1,0
BRDA:130,18,0,0
BRDA:130,18,1,0
BRDA:136,19,0,0
BRDA:136,19,1,0
BRDA:137,20,0,0
BRDA:137,20,1,0
BRDA:138,21,0,0
BRDA:138,21,1,0
BRDA:143,22,0,0
BRDA:143,22,1,0
BRDA:143,23,0,0
BRDA:143,23,1,0
BRDA:239,24,0,0
BRDA:239,24,1,0
BRDA:247,25,0,0
BRDA:247,25,1,0
BRDA:247,26,0,0
BRDA:247,26,1,0
BRDA:249,27,0,0
BRDA:249,27,1,0
BRDA:251,28,0,0
BRDA:251,28,1,0
BRDA:256,29,0,0
BRDA:256,29,1,0
BRDA:264,30,0,0
BRDA:264,30,1,0
BRDA:264,31,0,0
BRDA:264,31,1,0
BRDA:271,32,0,0
BRDA:271,32,1,0
BRDA:271,33,0,0
BRDA:271,33,1,0
BRDA:276,34,0,0
BRDA:276,34,1,0
BRDA:284,35,0,0
BRDA:284,35,1,0
BRDA:307,36,0,0
BRDA:307,36,1,0
BRDA:307,37,0,0
BRDA:307,37,1,0
BRDA:314,38,0,0
BRDA:314,38,1,0
BRDA:318,39,0,0
BRDA:318,39,1,0
BRDA:318,40,0,0
BRDA:318,40,1,0
BRDA:320,41,0,0
BRDA:320,41,1,0
BRDA:322,42,0,0
BRDA:322,42,1,0
BRDA:342,43,0,0
BRDA:342,43,1,0
BRDA:352,44,0,0
BRDA:352,44,1,0
BRDA:352,45,0,0
BRDA:352,45,1,0
BRDA:354,46,0,0
BRDA:354,46,1,0
BRDA:356,47,0,0
BRDA:356,47,1,0
BRDA:376,48,0,0
BRDA:376,48,1,0
BRDA:376,49,0,0
BRDA:376,49,1,0
BRDA:383,50,0,0
BRDA:383,50,1,0
BRDA:384,51,0,0
BRDA:384,51,1,0
BRDA:389,52,0,0
BRDA:389,52,1,0
BRDA:389,53,0,0
BRDA:389,53,1,0
BRDA:391,54,0,0
BRDA:391,54,1,0
BRDA:393,55,0,0
BRDA:393,55,1,0
BRDA:414,56,0,0
BRDA:414,56,1,0
BRDA:414,57,0,0
BRDA:414,57,1,0
BRDA:422,58,0,0
BRDA:422,58,1,0
BRDA:422,59,0,0
BRDA:422,59,1,0
BRDA:424,60,0,0
BRDA:424,60,1,0
BRDA:426,61,0,0
BRDA:426,61,1,0
BRDA:451,62,0,0
BRDA:451,62,1,0
BRF:127
BRH:0
end_of_record
