TN:
SF:js\utils\mathutils.js
FN:51,(anonymous_0)
FN:59,(anonymous_1)
FN:73,(anonymous_2)
FN:117,(anonymous_3)
FN:130,(anonymous_4)
FN:146,(anonymous_5)
FN:166,(anonymous_6)
FN:186,(anonymous_7)
FN:203,(anonymous_8)
FN:220,(anonymous_9)
FN:243,(anonymous_10)
FN:269,(anonymous_11)
FN:285,(anonymous_12)
FN:301,(anonymous_13)
FN:320,(anonymous_14)
FNF:15
FNH:15
FNDA:3,(anonymous_0)
FNDA:2,(anonymous_1)
FNDA:1,(anonymous_2)
FNDA:1,(anonymous_3)
FNDA:2,(anonymous_4)
FNDA:2,(anonymous_5)
FNDA:2,(anonymous_6)
FNDA:3,(anonymous_7)
FNDA:2,(anonymous_8)
FNDA:2,(anonymous_9)
FNDA:1,(anonymous_10)
FNDA:1,(anonymous_11)
FNDA:1,(anonymous_12)
FNDA:2,(anonymous_13)
FNDA:1,(anonymous_14)
DA:59,3
DA:61,2
DA:62,2
DA:73,3
DA:74,1
DA:76,1
DA:77,1
DA:78,2
DA:79,14
DA:83,1
DA:84,1
DA:85,1
DA:86,1
DA:89,1
DA:90,1
DA:92,1
DA:95,3
DA:96,1
DA:97,2
DA:103,1
DA:105,1
DA:118,1
DA:131,2
DA:132,1
DA:134,1
DA:147,2
DA:148,2
DA:149,1
DA:152,1
DA:154,0
DA:167,2
DA:168,1
DA:169,1
DA:171,1
DA:173,1
DA:187,3
DA:188,1
DA:191,2
DA:204,2
DA:205,1
DA:208,1
DA:221,2
DA:222,2
DA:223,1
DA:226,1
DA:228,0
DA:244,1
DA:250,1
DA:251,0
DA:254,1
DA:256,0
DA:270,1
DA:271,1
DA:273,0
DA:286,1
DA:287,1
DA:289,0
DA:302,2
DA:303,1
DA:304,1
DA:305,1
DA:306,1
DA:308,0
DA:321,1
DA:322,1
DA:324,0
DA:329,1
LF:67
LH:59
BRDA:61,0,0,0
BRDA:61,0,1,2
BRDA:74,1,0,0
BRDA:74,1,1,1
BRDA:86,2,0,0
BRDA:86,2,1,1
BRDA:95,3,0,1
BRDA:95,3,1,2
BRDA:95,4,0,3
BRDA:95,4,1,1
BRDA:97,5,0,1
BRDA:97,5,1,1
BRDA:98,6,0,2
BRDA:98,6,1,2
BRDA:98,6,2,1
BRDA:98,6,3,1
BRDA:118,7,0,1
BRDA:118,7,1,0
BRDA:131,8,0,1
BRDA:131,8,1,1
BRDA:131,9,0,2
BRDA:131,9,1,1
BRDA:147,10,0,2
BRDA:147,10,1,0
BRDA:148,11,0,1
BRDA:148,11,1,1
BRDA:167,12,0,1
BRDA:167,12,1,1
BRDA:167,13,0,2
BRDA:167,13,1,1
BRDA:168,14,0,1
BRDA:168,14,1,0
BRDA:169,15,0,1
BRDA:169,15,1,0
BRDA:187,16,0,1
BRDA:187,16,1,2
BRDA:187,17,0,3
BRDA:187,17,1,2
BRDA:204,18,0,1
BRDA:204,18,1,1
BRDA:204,19,0,2
BRDA:204,19,1,1
BRDA:221,20,0,2
BRDA:221,20,1,0
BRDA:221,21,0,2
BRDA:221,21,1,2
BRDA:222,22,0,1
BRDA:222,22,1,1
BRDA:244,23,0,1
BRDA:244,23,1,0
BRDA:245,24,0,1
BRDA:245,24,1,1
BRDA:245,24,2,1
BRDA:245,24,3,1
BRDA:250,25,0,0
BRDA:250,25,1,1
BRDA:250,26,0,1
BRDA:250,26,1,0
BRDA:270,27,0,1
BRDA:270,27,1,0
BRDA:270,28,0,1
BRDA:270,28,1,1
BRDA:286,29,0,1
BRDA:286,29,1,0
BRDA:302,30,0,1
BRDA:302,30,1,1
BRDA:304,31,0,1
BRDA:304,31,1,0
BRF:68
BRH:54
end_of_record
TN:
SF:js\utils\munsell.js
FN:6734,(anonymous_0)
FN:6771,(anonymous_1)
FN:6816,(anonymous_2)
FN:6844,(anonymous_3)
FNF:4
FNH:4
FNDA:317,(anonymous_0)
FNDA:5,(anonymous_1)
FNDA:306,(anonymous_2)
FNDA:3,(anonymous_3)
DA:31,1
DA:83,1
DA:6734,1
DA:6735,317
DA:6736,0
DA:6737,317
DA:6738,1
DA:6739,316
DA:6740,1
DA:6743,317
DA:6744,2
DA:6745,315
DA:6746,71
DA:6748,244
DA:6749,244
DA:6750,244
DA:6751,244
DA:6752,244
DA:6753,244
DA:6755,244
DA:6756,244
DA:6757,244
DA:6759,244
DA:6771,1
DA:6776,5
DA:6777,5
DA:6778,1
DA:6781,5
DA:6783,5
DA:6784,5
DA:6785,5
DA:6786,1
DA:6787,1
DA:6788,4
DA:6789,1
DA:6790,1
DA:6793,5
DA:6794,5
DA:6795,0
DA:6796,5
DA:6797,1
DA:6800,5
DA:6801,5
DA:6802,1
DA:6803,4
DA:6804,1
DA:6807,5
DA:6816,1
DA:6817,306
DA:6818,306
DA:6819,306
DA:6821,306
DA:6822,306
DA:6823,1
DA:6826,306
DA:6827,306
DA:6828,6
DA:6831,306
DA:6832,306
DA:6833,306
DA:6844,1
DA:6845,3
DA:6846,3
DA:6847,3
DA:6848,300
DA:6849,300
DA:6850,300
DA:6851,300
DA:6852,300
DA:6853,300
DA:6854,12
DA:6855,12
DA:6859,3
DA:6862,1
LF:74
LH:72
BRDA:6735,0,0,0
BRDA:6735,0,1,317
BRDA:6735,1,0,317
BRDA:6735,1,1,1
BRDA:6737,2,0,1
BRDA:6737,2,1,316
BRDA:6739,3,0,1
BRDA:6739,3,1,315
BRDA:6743,4,0,2
BRDA:6743,4,1,315
BRDA:6745,5,0,71
BRDA:6745,5,1,244
BRDA:6785,6,0,1
BRDA:6785,6,1,4
BRDA:6788,7,0,1
BRDA:6788,7,1,3
BRDA:6794,8,0,0
BRDA:6794,8,1,5
BRDA:6796,9,0,1
BRDA:6796,9,1,4
BRDA:6801,10,0,1
BRDA:6801,10,1,4
BRDA:6803,11,0,1
BRDA:6803,11,1,3
BRDA:6827,12,0,6
BRDA:6827,12,1,300
BRDA:6853,13,0,12
BRDA:6853,13,1,288
BRF:28
BRH:26
end_of_record
